2024-02-21 23:47:38,089 - basicLogger - INFO - Retrieving Gun Statistic event at index: 1
2024-02-21 23:48:52,423 - basicLogger - INFO - Retrieving Gun Statistic event at index: 1
2024-02-21 23:49:49,633 - basicLogger - INFO - Retrieving Gun Statistic event at index: 1
2024-02-21 23:50:11,997 - basicLogger - INFO - Retrieving Gun Statistic event at index: 1
2024-02-21 23:51:35,005 - basicLogger - INFO - Retrieving Gun Statistic event at index: 1
2024-02-21 23:54:42,403 - basicLogger - INFO - Retrieving Gun Statistic event at index: 1
2024-02-21 23:55:18,491 - basicLogger - INFO - Retrieving Gun Statistic event at index: 1
2024-02-21 23:56:30,567 - basicLogger - INFO - Retrieving Gun Statistic event at index: 1
2024-02-21 23:56:50,680 - basicLogger - INFO - Retrieving Gun Statistic event at index: 1
2024-02-22 00:02:35,823 - basicLogger - INFO - Retrieving Gun Statistic event at index: 1
2024-02-22 00:02:45,156 - basicLogger - INFO - Retrieving Gun Statistic event at index: 4
2024-02-22 00:02:46,582 - basicLogger - ERROR - Could not find gun_stat at index: 4
2024-02-22 13:13:15,892 - basicLogger - INFO - Retrieving Gun Statistic event at index: 4
2024-02-22 13:13:18,610 - basicLogger - ERROR - Could not find gun_stat at index: 4
2024-02-22 13:13:34,711 - basicLogger - INFO - Retrieving Gun Statistic event at index: 0
2024-02-22 13:13:36,427 - basicLogger - ERROR - Could not find gun_stat at index: 0
2024-02-22 13:14:24,122 - basicLogger - INFO - Retrieving Gun Statistic event at index: 0
2024-02-22 13:14:55,456 - basicLogger - INFO - Retrieving Gun Statistic event at index: 4
2024-02-22 13:15:16,323 - basicLogger - INFO - Retrieving Gun Statistic event at index: 4
2024-02-22 13:15:38,841 - basicLogger - INFO - Retrieving Gun Statistic event at index: 4
2024-02-22 13:16:12,876 - basicLogger - INFO - Retrieving Gun Statistic event at index: 4
2024-02-22 13:16:24,592 - basicLogger - INFO - Retrieving Gun Statistic event at index: 1000
2024-02-22 13:16:26,745 - basicLogger - ERROR - Could not find gun_stat at index: 1000
2024-02-22 13:16:47,684 - basicLogger - INFO - Retrieving Gun Statistic event at index: 1100
2024-02-22 13:16:49,613 - basicLogger - ERROR - Could not find gun_stat at index: 1100
2024-02-22 13:17:13,286 - basicLogger - INFO - Retrieving Gun Statistic event at index: 1100
2024-02-22 13:17:13,852 - basicLogger - ERROR - No more messages found...
2024-02-22 13:17:13,852 - basicLogger - ERROR - Could not find gun_stat at index: 1100
2024-02-22 13:18:09,626 - basicLogger - INFO - Retrieving Gun Statistic event at index: 1100
2024-02-22 13:18:11,986 - basicLogger - ERROR - Could not find gun_stat at index: 1100
2024-02-22 13:18:50,461 - basicLogger - INFO - Retrieving Gun Statistic event at index: 700
2024-02-22 13:18:52,609 - basicLogger - ERROR - Could not find gun_stat at index: 700
2024-02-22 13:19:43,701 - basicLogger - INFO - Retrieving Gun Statistic event at index: 700
2024-02-22 13:19:46,773 - basicLogger - ERROR - Could not find gun_stat at index: 700
2024-02-22 13:19:59,491 - basicLogger - INFO - Retrieving Gun Statistic event at index: 450
2024-02-22 13:20:01,470 - basicLogger - ERROR - Could not find gun_stat at index: 450
2024-02-22 13:20:09,155 - basicLogger - INFO - Retrieving Gun Statistic event at index: 430
2024-02-22 13:20:11,324 - basicLogger - ERROR - Could not find gun_stat at index: 430
2024-02-22 13:20:19,699 - basicLogger - INFO - Retrieving Gun Statistic event at index: 400
2024-02-22 13:20:22,185 - basicLogger - ERROR - Could not find gun_stat at index: 400
2024-02-22 13:20:29,018 - basicLogger - INFO - Retrieving Purchase History event at index: 400
2024-02-22 13:21:58,766 - basicLogger - INFO - Retrieving Purchase History event at index: 400
2024-02-22 13:22:55,570 - basicLogger - INFO - Retrieving Purchase History event at index: 400
2024-02-22 13:23:10,042 - basicLogger - INFO - Retrieving Gun Statistic event at index: 400
2024-02-22 13:23:59,221 - basicLogger - INFO - Retrieving Gun Statistic event at index: 400
2024-02-22 13:24:12,600 - basicLogger - INFO - Retrieving Gun Statistic event at index: 2000
2024-02-22 13:24:14,805 - basicLogger - ERROR - Could not find gun_stat at index: 2000
2024-02-22 13:25:28,086 - basicLogger - INFO - Retrieving Gun Statistic event at index: 2000
2024-02-22 13:25:31,198 - basicLogger - ERROR - Could not find gun_stat at index: 2000
2024-02-22 13:27:18,876 - basicLogger - INFO - Retrieving Gun Statistic event at index: 2000
2024-02-22 13:27:20,556 - basicLogger - ERROR - Could not find gun_stat at index: 2000
2024-02-22 13:27:31,254 - basicLogger - INFO - Retrieving Gun Statistic event at index: 2000
2024-02-22 13:27:33,655 - basicLogger - ERROR - Could not find gun_stat at index: 2000
2024-02-22 13:28:40,525 - basicLogger - INFO - Retrieving Gun Statistic event at index: 2000
2024-02-22 13:28:44,372 - basicLogger - ERROR - Could not find gun_stat at index: 2000
2024-02-22 13:30:08,243 - basicLogger - INFO - Retrieving Gun Statistic event at index: 2000
2024-02-22 13:30:09,895 - basicLogger - ERROR - Could not find gun_stat at index: 2000
2024-02-22 13:30:13,575 - basicLogger - INFO - Retrieving Gun Statistic event at index: 2000
2024-02-22 13:30:15,201 - basicLogger - ERROR - Could not find gun_stat at index: 2000
2024-02-22 13:30:22,544 - basicLogger - INFO - Retrieving Purchase History event at index: 400
2024-02-22 13:31:26,472 - basicLogger - INFO - Retrieving Purchase History event at index: 400
2024-02-22 13:31:28,058 - basicLogger - ERROR - Could not find purchase_history at index: 400
2024-02-22 13:32:18,474 - basicLogger - INFO - Retrieving Purchase History event at index: 400
2024-02-22 13:32:30,138 - basicLogger - INFO - Retrieving Purchase History event at index: 10000
2024-02-22 13:32:31,708 - basicLogger - ERROR - Could not find purchase_history at index: 10000
2024-02-22 13:33:32,779 - basicLogger - INFO - Retrieving Purchase History event at index: 10000
2024-02-22 13:33:34,382 - basicLogger - ERROR - Could not find purchase_history at index: 10000
2024-02-22 13:34:00,590 - basicLogger - INFO - Retrieving Purchase History event at index: 1000
2024-02-22 13:34:02,241 - basicLogger - ERROR - Could not find purchase_history at index: 1000
2024-02-22 13:34:34,659 - basicLogger - INFO - Retrieving Purchase History event at index: 1000
2024-02-22 13:36:09,726 - basicLogger - INFO - Retrieving Purchase History event at index: 2000
2024-02-22 13:36:18,334 - basicLogger - ERROR - Could not find purchase_history at index: 2000
2024-02-22 13:37:35,110 - basicLogger - INFO - Retrieving Purchase History event at index: 2000
2024-02-22 13:37:40,242 - basicLogger - ERROR - Could not find purchase_history at index: 2000
2024-02-22 13:38:45,699 - basicLogger - INFO - Retrieving Purchase History event at index: 2000
2024-02-22 13:38:53,058 - basicLogger - ERROR - Could not find purchase_history at index: 2000
2024-02-22 13:39:42,013 - basicLogger - INFO - Retrieving Purchase History event at index: 2000
2024-02-22 13:39:49,469 - basicLogger - ERROR - Could not find purchase_history at index: 2000
2024-02-22 13:40:58,893 - basicLogger - INFO - Retrieving Purchase History event at index: 2000
2024-02-22 13:41:06,701 - basicLogger - ERROR - Could not find purchase_history at index: 2000
2024-02-22 13:46:16,425 - basicLogger - INFO - Retrieving Purchase History event at index: 2000
2024-02-22 13:46:23,236 - basicLogger - ERROR - Could not find purchase_history at index: 2000
2024-02-22 13:47:26,367 - basicLogger - INFO - Retrieving Purchase History event at index: 2000
2024-02-22 13:47:32,824 - basicLogger - ERROR - Could not find purchase_history at index: 2000
2024-02-22 13:54:27,039 - basicLogger - INFO - Retrieving Purchase History event at index: 2000
2024-02-22 13:54:32,588 - basicLogger - ERROR - Could not find purchase_history at index: 2000
2024-02-22 13:54:47,380 - basicLogger - INFO - Retrieving Purchase History event at index: 1999
2024-02-22 13:55:08,805 - basicLogger - INFO - Retrieving Purchase History event at index: 2000
2024-02-22 13:55:14,660 - basicLogger - ERROR - Could not find purchase_history at index: 2000
2024-02-22 13:55:25,226 - basicLogger - INFO - Retrieving Gun Statistic event at index: 2000
2024-02-22 13:55:31,124 - basicLogger - ERROR - Could not find gun_stat at index: 2000
2024-02-22 14:04:12,960 - basicLogger - INFO - Retrieving Gun Statistic event at index: 2000
2024-02-22 14:04:18,329 - basicLogger - ERROR - Could not find gun_stat at index: 2000
2024-02-22 14:07:46,604 - basicLogger - INFO - Retrieving Gun Statistic event at index: 2000
2024-02-22 14:07:50,962 - basicLogger - ERROR - Could not find gun_stat at index: 2000
2024-02-22 14:08:13,441 - basicLogger - INFO - Retrieving Gun Statistic event at index: 1999
2024-02-22 21:55:10,280 - basicLogger - INFO - Retrieving Gun Statistic event at index: 1999
2024-02-22 21:55:38,067 - basicLogger - INFO - Retrieving Gun Statistic event at index: 1999
2024-02-22 21:55:53,039 - basicLogger - INFO - Retrieving Gun Statistic event at index: 3000
2024-02-22 21:55:57,534 - basicLogger - ERROR - Could not find gun_stat at index: 3000
2024-02-22 22:08:26,637 - basicLogger - INFO - Retrieving Gun Statistic event at index: 100
2024-02-22 22:08:30,270 - basicLogger - ERROR - Could not find gun_stat at index: 100
2024-02-22 22:08:35,844 - basicLogger - INFO - Retrieving Gun Statistic event at index: 99
