2024-02-22 13:11:03,655 INFO o.a.j.u.JMeterUtils: Setting Locale to en_EN
2024-02-22 13:11:03,687 INFO o.a.j.JMeter: Loading user properties from: /opt/homebrew/Cellar/jmeter/5.6.3/libexec/bin/user.properties
2024-02-22 13:11:03,687 INFO o.a.j.JMeter: Loading system properties from: /opt/homebrew/Cellar/jmeter/5.6.3/libexec/bin/system.properties
2024-02-22 13:11:03,690 INFO o.a.j.JMeter: Copyright (c) 1998-2024 The Apache Software Foundation
2024-02-22 13:11:03,690 INFO o.a.j.JMeter: Version 5.6.3
2024-02-22 13:11:03,690 INFO o.a.j.JMeter: java.version=21.0.1
2024-02-22 13:11:03,690 INFO o.a.j.JMeter: java.vm.name=OpenJDK 64-Bit Server VM
2024-02-22 13:11:03,690 INFO o.a.j.JMeter: os.name=Mac OS X
2024-02-22 13:11:03,690 INFO o.a.j.JMeter: os.arch=aarch64
2024-02-22 13:11:03,690 INFO o.a.j.JMeter: os.version=14.2.1
2024-02-22 13:11:03,690 INFO o.a.j.JMeter: file.encoding=UTF-8
2024-02-22 13:11:03,690 INFO o.a.j.JMeter: java.awt.headless=null
2024-02-22 13:11:03,690 INFO o.a.j.JMeter: Max memory     =1073741824
2024-02-22 13:11:03,690 INFO o.a.j.JMeter: Available Processors =14
2024-02-22 13:11:03,696 INFO o.a.j.JMeter: Default Locale=English (EN)
2024-02-22 13:11:03,696 INFO o.a.j.JMeter: JMeter  Locale=English (EN)
2024-02-22 13:11:03,696 INFO o.a.j.JMeter: JMeterHome=/opt/homebrew/Cellar/jmeter/5.6.3/libexec
2024-02-22 13:11:03,696 INFO o.a.j.JMeter: user.dir  =/Users/soranosuke/Documents/BCIT/CIT Sem 4/ACIT 3855 Service Based Architectures/Labs/Project
2024-02-22 13:11:03,696 INFO o.a.j.JMeter: PWD       =/Users/soranosuke/Documents/BCIT/CIT Sem 4/ACIT 3855 Service Based Architectures/Labs/Project
2024-02-22 13:11:03,697 INFO o.a.j.JMeter: IP: 127.0.0.1 Name: Soras-MacBook-Pro.local FullName: localhost
2024-02-22 13:11:03,703 INFO o.a.j.JMeter: Loaded icon properties from org/apache/jmeter/images/icon.properties
2024-02-22 13:11:04,177 INFO o.a.j.JMeterGuiLauncher: Setting LAF to: com.github.weisj.darklaf.DarkLaf:com.github.weisj.darklaf.theme.DarculaTheme
2024-02-22 13:11:04,860 INFO o.a.j.r.ClassFinder: Will scan jar /opt/homebrew/Cellar/jmeter/5.6.3/libexec/lib/ext/jmeter-plugins-manager-1.9.jar with filter ExtendsClassFilter [parents=[interface org.apache.jmeter.gui.action.Command], inner=false, contains=null, notContains=null]. Consider exposing JMeter plugins via META-INF/services, and add JMeter-Skip-Class-Scanning=true manifest attribute so JMeter can skip classfile scanning
2024-02-22 13:11:04,918 INFO o.a.j.r.ClassFinder: Will scan jar /opt/homebrew/Cellar/jmeter/5.6.3/libexec/lib/ext/jmeter-plugins-manager-1.9.jar with filter ExtendsClassFilter [parents=[interface org.apache.jmeter.gui.plugin.MenuCreator], inner=false, contains=null, notContains=null]. Consider exposing JMeter plugins via META-INF/services, and add JMeter-Skip-Class-Scanning=true manifest attribute so JMeter can skip classfile scanning
2024-02-22 13:11:04,973 INFO o.j.r.JARSourceHTTP: Requesting https://jmeter-plugins.org/repo/?installID=mac_os_x-39c667df8e71cb3d78235761b1db8e0f-gui
2024-02-22 13:11:06,651 INFO o.j.r.PluginManager: Plugins Status: [jpgc-plugins-manager=1.9, jmeter-core=5.6.3, jmeter-ftp=5.6.3, jmeter-http=5.6.3, jmeter-jdbc=5.6.3, jmeter-jms=5.6.3, jmeter-junit=5.6.3, jmeter-java=5.6.3, jmeter-ldap=5.6.3, jmeter-mail=5.6.3, jmeter-mongodb=5.6.3, jmeter-native=5.6.3, jmeter-tcp=5.6.3, jmeter-components=5.6.3]
2024-02-22 13:11:06,652 INFO o.j.r.PluginManagerMenuItem: Plugins Manager has upgrades: [jpgc-plugins-manager]
2024-02-22 13:11:18,707 INFO o.a.j.s.FileServer: Default base='/Users/soranosuke/Documents/BCIT/CIT Sem 4/ACIT 3855 Service Based Architectures/Labs/Project'
2024-02-22 13:11:18,708 INFO o.a.j.g.a.Load: Loading file: /Users/soranosuke/Documents/BCIT/CIT Sem 4/ACIT 3855 Service Based Architectures/Labs/Project/Test Plan Random.jmx
2024-02-22 13:11:18,709 INFO o.a.j.s.FileServer: Set new base='/Users/soranosuke/Documents/BCIT/CIT Sem 4/ACIT 3855 Service Based Architectures/Labs/Project'
2024-02-22 13:11:18,782 INFO o.a.j.s.SaveService: Testplan (JMX) version: 2.2. Testlog (JTL) version: 2.2
2024-02-22 13:11:18,785 INFO o.a.j.s.SaveService: Using SaveService properties version 5.0
2024-02-22 13:11:18,786 INFO o.a.j.s.SaveService: Using SaveService properties file encoding UTF-8
2024-02-22 13:11:18,787 INFO o.a.j.s.SaveService: Loading file: /Users/soranosuke/Documents/BCIT/CIT Sem 4/ACIT 3855 Service Based Architectures/Labs/Project/Test Plan Random.jmx
2024-02-22 13:11:18,822 INFO o.a.j.p.h.s.HTTPSamplerBase: Parser for text/html is org.apache.jmeter.protocol.http.parser.LagartoBasedHtmlParser
2024-02-22 13:11:18,823 INFO o.a.j.p.h.s.HTTPSamplerBase: Parser for application/xhtml+xml is org.apache.jmeter.protocol.http.parser.LagartoBasedHtmlParser
2024-02-22 13:11:18,823 INFO o.a.j.p.h.s.HTTPSamplerBase: Parser for application/xml is org.apache.jmeter.protocol.http.parser.LagartoBasedHtmlParser
2024-02-22 13:11:18,823 INFO o.a.j.p.h.s.HTTPSamplerBase: Parser for text/xml is org.apache.jmeter.protocol.http.parser.LagartoBasedHtmlParser
2024-02-22 13:11:18,823 INFO o.a.j.p.h.s.HTTPSamplerBase: Parser for text/vnd.wap.wml is org.apache.jmeter.protocol.http.parser.RegexpHTMLParser
2024-02-22 13:11:18,823 INFO o.a.j.p.h.s.HTTPSamplerBase: Parser for text/css is org.apache.jmeter.protocol.http.parser.CssParser
2024-02-22 13:11:18,943 INFO o.a.j.s.SampleResult: Note: Sample TimeStamps are START times
2024-02-22 13:11:18,943 INFO o.a.j.s.SampleResult: sampleresult.default.encoding is set to UTF-8
2024-02-22 13:11:18,943 INFO o.a.j.s.SampleResult: sampleresult.useNanoTime=true
2024-02-22 13:11:18,943 INFO o.a.j.s.SampleResult: sampleresult.nanoThreadSleep=5000
2024-02-22 13:11:18,987 INFO o.a.j.r.ClassFinder: Will scan jar /opt/homebrew/Cellar/jmeter/5.6.3/libexec/lib/ext/jmeter-plugins-manager-1.9.jar with filter ExtendsClassFilter [parents=[interface org.apache.jmeter.visualizers.ResultRenderer], inner=false, contains=null, notContains=null]. Consider exposing JMeter plugins via META-INF/services, and add JMeter-Skip-Class-Scanning=true manifest attribute so JMeter can skip classfile scanning
2024-02-22 13:11:18,995 INFO o.a.j.r.ClassFinder: Will scan jar /opt/homebrew/Cellar/jmeter/5.6.3/libexec/lib/ext/jmeter-plugins-manager-1.9.jar with filter ExtendsClassFilter [parents=[interface org.apache.jmeter.visualizers.RequestView], inner=false, contains=null, notContains=null]. Consider exposing JMeter plugins via META-INF/services, and add JMeter-Skip-Class-Scanning=true manifest attribute so JMeter can skip classfile scanning
2024-02-22 13:11:19,016 INFO o.a.j.s.FileServer: Set new base='/Users/soranosuke/Documents/BCIT/CIT Sem 4/ACIT 3855 Service Based Architectures/Labs/Project'
2024-02-22 13:12:04,342 INFO o.a.j.e.StandardJMeterEngine: Running the test!
2024-02-22 13:12:04,342 INFO o.a.j.s.SampleEvent: List of sample_variables: []
2024-02-22 13:12:04,342 INFO o.a.j.s.SampleEvent: List of sample_variables: []
2024-02-22 13:12:04,342 INFO o.a.j.e.u.CompoundVariable: Note: Function class names must contain the string: '.functions.'
2024-02-22 13:12:04,342 INFO o.a.j.e.u.CompoundVariable: Note: Function class names must not contain the string: '.gui.'
2024-02-22 13:12:04,358 INFO o.a.j.r.ClassFinder: Will scan jar /opt/homebrew/Cellar/jmeter/5.6.3/libexec/lib/ext/jmeter-plugins-manager-1.9.jar with filter ExtendsClassFilter [parents=[interface org.apache.jmeter.functions.Function], inner=false, contains=null, notContains=null]. Consider exposing JMeter plugins via META-INF/services, and add JMeter-Skip-Class-Scanning=true manifest attribute so JMeter can skip classfile scanning
2024-02-22 13:12:04,361 INFO o.a.j.g.u.JMeterMenuBar: setRunning(true, *local*)
2024-02-22 13:12:04,381 INFO o.a.j.e.StandardJMeterEngine: Starting ThreadGroup: 1 : Thread Group
2024-02-22 13:12:04,381 INFO o.a.j.e.StandardJMeterEngine: Starting 200 threads for group Thread Group.
2024-02-22 13:12:04,381 INFO o.a.j.e.StandardJMeterEngine: Thread will continue on error
2024-02-22 13:12:04,381 INFO o.a.j.t.ThreadGroup: Starting thread group... number=1 threads=200 ramp-up=1 delayedStart=false
2024-02-22 13:12:04,385 INFO o.a.j.t.JMeterThread: Thread started: Thread Group 1-1
2024-02-22 13:12:04,386 INFO o.a.j.s.FileServer: Stored: /Users/soranosuke/Documents/BCIT/CIT Sem 4/ACIT 3855 Service Based Architectures/Labs/Project/Storage/data/users.csv
2024-02-22 13:12:04,389 INFO o.a.j.s.FileServer: Stored: /Users/soranosuke/Documents/BCIT/CIT Sem 4/ACIT 3855 Service Based Architectures/Labs/Project/Storage/data/dates.csv
2024-02-22 13:12:04,389 INFO o.a.j.s.FileServer: Stored: /Users/soranosuke/Documents/BCIT/CIT Sem 4/ACIT 3855 Service Based Architectures/Labs/Project/Storage/data/transactions.csv
2024-02-22 13:12:04,390 INFO o.a.j.t.JMeterThread: Thread started: Thread Group 1-2
2024-02-22 13:12:04,392 INFO o.a.j.p.h.s.HTTPHCAbstractImpl: Local host = Soras-MacBook-Pro.local
2024-02-22 13:12:04,395 INFO o.a.j.p.h.s.HTTPHC4Impl: HTTP request retry count = 0
2024-02-22 13:12:04,395 INFO o.a.j.t.JMeterThread: Thread started: Thread Group 1-3
2024-02-22 13:12:04,401 INFO o.a.j.t.JMeterThread: Thread started: Thread Group 1-4
2024-02-22 13:12:04,406 INFO o.a.j.t.ThreadGroup: Started thread group number 1
2024-02-22 13:12:04,406 INFO o.a.j.e.StandardJMeterEngine: All thread groups have been started
2024-02-22 13:12:04,407 INFO o.a.j.t.JMeterThread: Thread started: Thread Group 1-5
2024-02-22 13:12:04,413 INFO o.a.j.t.JMeterThread: Thread started: Thread Group 1-6
2024-02-22 13:12:04,415 INFO o.a.j.t.JMeterThread: Thread started: Thread Group 1-7
2024-02-22 13:12:04,422 INFO o.a.j.t.JMeterThread: Thread started: Thread Group 1-8
2024-02-22 13:12:04,427 INFO o.a.j.t.JMeterThread: Thread started: Thread Group 1-9
2024-02-22 13:12:04,430 INFO o.a.j.t.JMeterThread: Thread started: Thread Group 1-10
2024-02-22 13:12:04,437 INFO o.a.j.t.JMeterThread: Thread started: Thread Group 1-11
2024-02-22 13:12:04,442 INFO o.a.j.t.JMeterThread: Thread started: Thread Group 1-12
2024-02-22 13:12:04,447 INFO o.a.j.t.JMeterThread: Thread started: Thread Group 1-13
2024-02-22 13:12:04,451 INFO o.a.j.t.JMeterThread: Thread started: Thread Group 1-14
2024-02-22 13:12:04,456 INFO o.a.j.t.JMeterThread: Thread started: Thread Group 1-15
2024-02-22 13:12:04,461 INFO o.a.j.t.JMeterThread: Thread started: Thread Group 1-16
2024-02-22 13:12:04,467 INFO o.a.j.t.JMeterThread: Thread started: Thread Group 1-17
2024-02-22 13:12:04,472 INFO o.a.j.t.JMeterThread: Thread started: Thread Group 1-18
2024-02-22 13:12:04,477 INFO o.a.j.t.JMeterThread: Thread started: Thread Group 1-19
2024-02-22 13:12:04,480 INFO o.a.j.t.JMeterThread: Thread started: Thread Group 1-20
2024-02-22 13:12:04,486 INFO o.a.j.t.JMeterThread: Thread started: Thread Group 1-21
2024-02-22 13:12:04,491 INFO o.a.j.t.JMeterThread: Thread started: Thread Group 1-22
2024-02-22 13:12:04,492 INFO o.a.j.t.JMeterThread: Thread started: Thread Group 1-23
2024-02-22 13:12:04,501 INFO o.a.j.t.JMeterThread: Thread started: Thread Group 1-24
2024-02-22 13:12:04,507 INFO o.a.j.t.JMeterThread: Thread started: Thread Group 1-25
2024-02-22 13:12:04,512 INFO o.a.j.t.JMeterThread: Thread started: Thread Group 1-26
2024-02-22 13:12:04,513 INFO o.a.j.t.JMeterThread: Thread started: Thread Group 1-27
2024-02-22 13:12:04,522 INFO o.a.j.t.JMeterThread: Thread started: Thread Group 1-28
2024-02-22 13:12:04,527 INFO o.a.j.t.JMeterThread: Thread started: Thread Group 1-29
2024-02-22 13:12:04,532 INFO o.a.j.t.JMeterThread: Thread started: Thread Group 1-30
2024-02-22 13:12:04,536 INFO o.a.j.t.JMeterThread: Thread started: Thread Group 1-31
2024-02-22 13:12:04,541 INFO o.a.j.t.JMeterThread: Thread started: Thread Group 1-32
2024-02-22 13:12:04,543 INFO o.a.j.t.JMeterThread: Thread started: Thread Group 1-33
2024-02-22 13:12:04,546 INFO o.a.j.t.JMeterThread: Thread started: Thread Group 1-34
2024-02-22 13:12:04,556 INFO o.a.j.t.JMeterThread: Thread started: Thread Group 1-35
2024-02-22 13:12:04,562 INFO o.a.j.t.JMeterThread: Thread started: Thread Group 1-36
2024-02-22 13:12:04,567 INFO o.a.j.t.JMeterThread: Thread started: Thread Group 1-37
2024-02-22 13:12:04,571 INFO o.a.j.t.JMeterThread: Thread started: Thread Group 1-38
2024-02-22 13:12:04,576 INFO o.a.j.t.JMeterThread: Thread started: Thread Group 1-39
2024-02-22 13:12:04,579 INFO o.a.j.t.JMeterThread: Thread started: Thread Group 1-40
2024-02-22 13:12:04,586 INFO o.a.j.t.JMeterThread: Thread started: Thread Group 1-41
2024-02-22 13:12:04,591 INFO o.a.j.t.JMeterThread: Thread started: Thread Group 1-42
2024-02-22 13:12:04,597 INFO o.a.j.t.JMeterThread: Thread started: Thread Group 1-43
2024-02-22 13:12:04,602 INFO o.a.j.t.JMeterThread: Thread started: Thread Group 1-44
2024-02-22 13:12:04,606 INFO o.a.j.t.JMeterThread: Thread started: Thread Group 1-45
2024-02-22 13:12:04,611 INFO o.a.j.t.JMeterThread: Thread started: Thread Group 1-46
2024-02-22 13:12:04,616 INFO o.a.j.t.JMeterThread: Thread started: Thread Group 1-47
2024-02-22 13:12:04,621 INFO o.a.j.t.JMeterThread: Thread started: Thread Group 1-48
2024-02-22 13:12:04,626 INFO o.a.j.t.JMeterThread: Thread started: Thread Group 1-49
2024-02-22 13:12:04,632 INFO o.a.j.t.JMeterThread: Thread started: Thread Group 1-50
2024-02-22 13:12:04,637 INFO o.a.j.t.JMeterThread: Thread started: Thread Group 1-51
2024-02-22 13:12:04,642 INFO o.a.j.t.JMeterThread: Thread started: Thread Group 1-52
2024-02-22 13:12:04,643 INFO o.a.j.t.JMeterThread: Thread started: Thread Group 1-53
2024-02-22 13:12:04,651 INFO o.a.j.t.JMeterThread: Thread started: Thread Group 1-54
2024-02-22 13:12:04,655 INFO o.a.j.t.JMeterThread: Thread started: Thread Group 1-55
2024-02-22 13:12:04,656 INFO o.a.j.t.JMeterThread: Thread started: Thread Group 1-56
2024-02-22 13:12:04,666 INFO o.a.j.t.JMeterThread: Thread started: Thread Group 1-57
2024-02-22 13:12:04,672 INFO o.a.j.t.JMeterThread: Thread started: Thread Group 1-58
2024-02-22 13:12:04,677 INFO o.a.j.t.JMeterThread: Thread started: Thread Group 1-59
2024-02-22 13:12:04,679 INFO o.a.j.t.JMeterThread: Thread started: Thread Group 1-60
2024-02-22 13:12:04,686 INFO o.a.j.t.JMeterThread: Thread started: Thread Group 1-61
2024-02-22 13:12:04,691 INFO o.a.j.t.JMeterThread: Thread started: Thread Group 1-62
2024-02-22 13:12:04,696 INFO o.a.j.t.JMeterThread: Thread started: Thread Group 1-63
2024-02-22 13:12:04,698 INFO o.a.j.t.JMeterThread: Thread started: Thread Group 1-64
2024-02-22 13:12:04,702 INFO o.a.j.t.JMeterThread: Thread started: Thread Group 1-65
2024-02-22 13:12:04,712 INFO o.a.j.t.JMeterThread: Thread started: Thread Group 1-66
2024-02-22 13:12:04,717 INFO o.a.j.t.JMeterThread: Thread started: Thread Group 1-68
2024-02-22 13:12:04,717 INFO o.a.j.t.JMeterThread: Thread started: Thread Group 1-67
2024-02-22 13:12:04,725 INFO o.a.j.t.JMeterThread: Thread started: Thread Group 1-69
2024-02-22 13:12:04,731 INFO o.a.j.t.JMeterThread: Thread started: Thread Group 1-70
2024-02-22 13:12:04,734 INFO o.a.j.t.JMeterThread: Thread started: Thread Group 1-71
2024-02-22 13:12:04,741 INFO o.a.j.t.JMeterThread: Thread started: Thread Group 1-72
2024-02-22 13:12:04,746 INFO o.a.j.t.JMeterThread: Thread started: Thread Group 1-73
2024-02-22 13:12:04,751 INFO o.a.j.t.JMeterThread: Thread started: Thread Group 1-74
2024-02-22 13:12:04,757 INFO o.a.j.t.JMeterThread: Thread started: Thread Group 1-75
2024-02-22 13:12:04,759 INFO o.a.j.t.JMeterThread: Thread started: Thread Group 1-76
2024-02-22 13:12:04,766 INFO o.a.j.t.JMeterThread: Thread started: Thread Group 1-77
2024-02-22 13:12:04,770 INFO o.a.j.t.JMeterThread: Thread started: Thread Group 1-78
2024-02-22 13:12:04,775 INFO o.a.j.t.JMeterThread: Thread started: Thread Group 1-79
2024-02-22 13:12:04,781 INFO o.a.j.t.JMeterThread: Thread started: Thread Group 1-80
2024-02-22 13:12:04,786 INFO o.a.j.t.JMeterThread: Thread started: Thread Group 1-81
2024-02-22 13:12:04,791 INFO o.a.j.t.JMeterThread: Thread started: Thread Group 1-82
2024-02-22 13:12:04,796 INFO o.a.j.t.JMeterThread: Thread started: Thread Group 1-83
2024-02-22 13:12:04,801 INFO o.a.j.t.JMeterThread: Thread started: Thread Group 1-84
2024-02-22 13:12:04,807 INFO o.a.j.t.JMeterThread: Thread started: Thread Group 1-85
2024-02-22 13:12:04,807 INFO o.a.j.t.JMeterThread: Thread started: Thread Group 1-86
2024-02-22 13:12:04,816 INFO o.a.j.t.JMeterThread: Thread started: Thread Group 1-87
2024-02-22 13:12:04,817 INFO o.a.j.t.JMeterThread: Thread started: Thread Group 1-88
2024-02-22 13:12:04,825 INFO o.a.j.t.JMeterThread: Thread started: Thread Group 1-89
2024-02-22 13:12:04,831 INFO o.a.j.t.JMeterThread: Thread started: Thread Group 1-90
2024-02-22 13:12:04,834 INFO o.a.j.t.JMeterThread: Thread started: Thread Group 1-91
2024-02-22 13:12:04,841 INFO o.a.j.t.JMeterThread: Thread started: Thread Group 1-92
2024-02-22 13:12:04,846 INFO o.a.j.t.JMeterThread: Thread started: Thread Group 1-93
2024-02-22 13:12:04,848 INFO o.a.j.t.JMeterThread: Thread started: Thread Group 1-94
2024-02-22 13:12:04,857 INFO o.a.j.t.JMeterThread: Thread started: Thread Group 1-95
2024-02-22 13:12:04,862 INFO o.a.j.t.JMeterThread: Thread started: Thread Group 1-96
2024-02-22 13:12:04,866 INFO o.a.j.t.JMeterThread: Thread started: Thread Group 1-97
2024-02-22 13:12:04,871 INFO o.a.j.t.JMeterThread: Thread started: Thread Group 1-98
2024-02-22 13:12:04,876 INFO o.a.j.t.JMeterThread: Thread started: Thread Group 1-99
2024-02-22 13:12:04,881 INFO o.a.j.t.JMeterThread: Thread started: Thread Group 1-100
2024-02-22 13:12:04,882 INFO o.a.j.t.JMeterThread: Thread started: Thread Group 1-101
2024-02-22 13:12:04,892 INFO o.a.j.t.JMeterThread: Thread started: Thread Group 1-102
2024-02-22 13:12:04,897 INFO o.a.j.t.JMeterThread: Thread started: Thread Group 1-103
2024-02-22 13:12:04,898 INFO o.a.j.t.JMeterThread: Thread started: Thread Group 1-104
2024-02-22 13:12:04,906 INFO o.a.j.t.JMeterThread: Thread started: Thread Group 1-105
2024-02-22 13:12:04,911 INFO o.a.j.t.JMeterThread: Thread started: Thread Group 1-106
2024-02-22 13:12:04,916 INFO o.a.j.t.JMeterThread: Thread started: Thread Group 1-107
2024-02-22 13:12:04,921 INFO o.a.j.t.JMeterThread: Thread started: Thread Group 1-108
2024-02-22 13:12:04,926 INFO o.a.j.t.JMeterThread: Thread started: Thread Group 1-109
2024-02-22 13:12:04,931 INFO o.a.j.t.JMeterThread: Thread started: Thread Group 1-110
2024-02-22 13:12:04,932 INFO o.a.j.t.JMeterThread: Thread started: Thread Group 1-111
2024-02-22 13:12:04,941 INFO o.a.j.t.JMeterThread: Thread started: Thread Group 1-112
2024-02-22 13:12:04,946 INFO o.a.j.t.JMeterThread: Thread started: Thread Group 1-113
2024-02-22 13:12:04,952 INFO o.a.j.t.JMeterThread: Thread started: Thread Group 1-114
2024-02-22 13:12:04,952 INFO o.a.j.t.JMeterThread: Thread started: Thread Group 1-115
2024-02-22 13:12:04,959 INFO o.a.j.t.JMeterThread: Thread started: Thread Group 1-116
2024-02-22 13:12:04,966 INFO o.a.j.t.JMeterThread: Thread started: Thread Group 1-117
2024-02-22 13:12:04,971 INFO o.a.j.t.JMeterThread: Thread started: Thread Group 1-118
2024-02-22 13:12:04,972 INFO o.a.j.t.JMeterThread: Thread started: Thread Group 1-119
2024-02-22 13:12:04,981 INFO o.a.j.t.JMeterThread: Thread started: Thread Group 1-120
2024-02-22 13:12:04,984 INFO o.a.j.t.JMeterThread: Thread started: Thread Group 1-121
2024-02-22 13:12:04,991 INFO o.a.j.t.JMeterThread: Thread started: Thread Group 1-122
2024-02-22 13:12:04,997 INFO o.a.j.t.JMeterThread: Thread started: Thread Group 1-123
2024-02-22 13:12:05,000 INFO o.a.j.t.JMeterThread: Thread started: Thread Group 1-124
2024-02-22 13:12:05,006 INFO o.a.j.t.JMeterThread: Thread started: Thread Group 1-125
2024-02-22 13:12:05,006 INFO o.a.j.t.JMeterThread: Thread started: Thread Group 1-126
2024-02-22 13:12:05,016 INFO o.a.j.t.JMeterThread: Thread started: Thread Group 1-127
2024-02-22 13:12:05,021 INFO o.a.j.t.JMeterThread: Thread started: Thread Group 1-128
2024-02-22 13:12:05,026 INFO o.a.j.t.JMeterThread: Thread started: Thread Group 1-129
2024-02-22 13:12:05,027 INFO o.a.j.t.JMeterThread: Thread started: Thread Group 1-130
2024-02-22 13:12:05,036 INFO o.a.j.t.JMeterThread: Thread started: Thread Group 1-131
2024-02-22 13:12:05,042 INFO o.a.j.t.JMeterThread: Thread started: Thread Group 1-132
2024-02-22 13:12:05,047 INFO o.a.j.t.JMeterThread: Thread started: Thread Group 1-133
2024-02-22 13:12:05,050 INFO o.a.j.t.JMeterThread: Thread started: Thread Group 1-134
2024-02-22 13:12:05,056 INFO o.a.j.t.JMeterThread: Thread started: Thread Group 1-135
2024-02-22 13:12:05,060 INFO o.a.j.t.JMeterThread: Thread started: Thread Group 1-136
2024-02-22 13:12:05,066 INFO o.a.j.t.JMeterThread: Thread started: Thread Group 1-137
2024-02-22 13:12:05,071 INFO o.a.j.t.JMeterThread: Thread started: Thread Group 1-138
2024-02-22 13:12:05,072 INFO o.a.j.t.JMeterThread: Thread started: Thread Group 1-139
2024-02-22 13:12:05,081 INFO o.a.j.t.JMeterThread: Thread started: Thread Group 1-140
2024-02-22 13:12:05,087 INFO o.a.j.t.JMeterThread: Thread started: Thread Group 1-141
2024-02-22 13:12:05,092 INFO o.a.j.t.JMeterThread: Thread started: Thread Group 1-142
2024-02-22 13:12:05,092 INFO o.a.j.t.JMeterThread: Thread started: Thread Group 1-143
2024-02-22 13:12:05,101 INFO o.a.j.t.JMeterThread: Thread started: Thread Group 1-144
2024-02-22 13:12:05,106 INFO o.a.j.t.JMeterThread: Thread started: Thread Group 1-145
2024-02-22 13:12:05,111 INFO o.a.j.t.JMeterThread: Thread started: Thread Group 1-146
2024-02-22 13:12:05,116 INFO o.a.j.t.JMeterThread: Thread started: Thread Group 1-147
2024-02-22 13:12:05,121 INFO o.a.j.t.JMeterThread: Thread started: Thread Group 1-148
2024-02-22 13:12:05,126 INFO o.a.j.t.JMeterThread: Thread started: Thread Group 1-149
2024-02-22 13:12:05,131 INFO o.a.j.t.JMeterThread: Thread started: Thread Group 1-150
2024-02-22 13:12:05,134 INFO o.a.j.t.JMeterThread: Thread started: Thread Group 1-151
2024-02-22 13:12:05,142 INFO o.a.j.t.JMeterThread: Thread started: Thread Group 1-152
2024-02-22 13:12:05,147 INFO o.a.j.t.JMeterThread: Thread started: Thread Group 1-154
2024-02-22 13:12:05,147 INFO o.a.j.t.JMeterThread: Thread started: Thread Group 1-153
2024-02-22 13:12:05,154 INFO o.a.j.t.JMeterThread: Thread started: Thread Group 1-155
2024-02-22 13:12:05,161 INFO o.a.j.t.JMeterThread: Thread started: Thread Group 1-156
2024-02-22 13:12:05,166 INFO o.a.j.t.JMeterThread: Thread started: Thread Group 1-157
2024-02-22 13:12:05,171 INFO o.a.j.t.JMeterThread: Thread started: Thread Group 1-158
2024-02-22 13:12:05,176 INFO o.a.j.t.JMeterThread: Thread started: Thread Group 1-159
2024-02-22 13:12:05,182 INFO o.a.j.t.JMeterThread: Thread started: Thread Group 1-160
2024-02-22 13:12:05,187 INFO o.a.j.t.JMeterThread: Thread started: Thread Group 1-161
2024-02-22 13:12:05,192 INFO o.a.j.t.JMeterThread: Thread started: Thread Group 1-162
2024-02-22 13:12:05,196 INFO o.a.j.t.JMeterThread: Thread started: Thread Group 1-163
2024-02-22 13:12:05,200 INFO o.a.j.t.JMeterThread: Thread started: Thread Group 1-164
2024-02-22 13:12:05,206 INFO o.a.j.t.JMeterThread: Thread started: Thread Group 1-165
2024-02-22 13:12:05,209 INFO o.a.j.t.JMeterThread: Thread started: Thread Group 1-166
2024-02-22 13:12:05,216 INFO o.a.j.t.JMeterThread: Thread started: Thread Group 1-167
2024-02-22 13:12:05,217 INFO o.a.j.t.JMeterThread: Thread started: Thread Group 1-168
2024-02-22 13:12:05,226 INFO o.a.j.t.JMeterThread: Thread started: Thread Group 1-169
2024-02-22 13:12:05,231 INFO o.a.j.t.JMeterThread: Thread started: Thread Group 1-170
2024-02-22 13:12:05,236 INFO o.a.j.t.JMeterThread: Thread started: Thread Group 1-171
2024-02-22 13:12:05,237 INFO o.a.j.t.JMeterThread: Thread started: Thread Group 1-172
2024-02-22 13:12:05,243 INFO o.a.j.t.JMeterThread: Thread started: Thread Group 1-173
2024-02-22 13:12:05,250 INFO o.a.j.t.JMeterThread: Thread started: Thread Group 1-174
2024-02-22 13:12:05,256 INFO o.a.j.t.JMeterThread: Thread started: Thread Group 1-175
2024-02-22 13:12:05,257 INFO o.a.j.t.JMeterThread: Thread started: Thread Group 1-176
2024-02-22 13:12:05,266 INFO o.a.j.t.JMeterThread: Thread started: Thread Group 1-177
2024-02-22 13:12:05,268 INFO o.a.j.t.JMeterThread: Thread started: Thread Group 1-178
2024-02-22 13:12:05,276 INFO o.a.j.t.JMeterThread: Thread started: Thread Group 1-179
2024-02-22 13:12:05,281 INFO o.a.j.t.JMeterThread: Thread started: Thread Group 1-180
2024-02-22 13:12:05,286 INFO o.a.j.t.JMeterThread: Thread started: Thread Group 1-181
2024-02-22 13:12:05,289 INFO o.a.j.t.JMeterThread: Thread started: Thread Group 1-182
2024-02-22 13:12:05,297 INFO o.a.j.t.JMeterThread: Thread started: Thread Group 1-183
2024-02-22 13:12:05,302 INFO o.a.j.t.JMeterThread: Thread started: Thread Group 1-184
2024-02-22 13:12:05,307 INFO o.a.j.t.JMeterThread: Thread started: Thread Group 1-185
2024-02-22 13:12:05,309 INFO o.a.j.t.JMeterThread: Thread started: Thread Group 1-186
2024-02-22 13:12:05,316 INFO o.a.j.t.JMeterThread: Thread started: Thread Group 1-187
2024-02-22 13:12:05,317 INFO o.a.j.t.JMeterThread: Thread started: Thread Group 1-188
2024-02-22 13:12:05,325 INFO o.a.j.t.JMeterThread: Thread started: Thread Group 1-189
2024-02-22 13:12:05,331 INFO o.a.j.t.JMeterThread: Thread started: Thread Group 1-190
2024-02-22 13:12:05,334 INFO o.a.j.t.JMeterThread: Thread started: Thread Group 1-191
2024-02-22 13:12:05,341 INFO o.a.j.t.JMeterThread: Thread started: Thread Group 1-192
2024-02-22 13:12:05,342 INFO o.a.j.t.JMeterThread: Thread started: Thread Group 1-193
2024-02-22 13:12:05,352 INFO o.a.j.t.JMeterThread: Thread started: Thread Group 1-194
2024-02-22 13:12:05,354 INFO o.a.j.t.JMeterThread: Thread started: Thread Group 1-195
2024-02-22 13:12:05,361 INFO o.a.j.t.JMeterThread: Thread started: Thread Group 1-196
2024-02-22 13:12:05,363 INFO o.a.j.t.JMeterThread: Thread started: Thread Group 1-197
2024-02-22 13:12:05,371 INFO o.a.j.t.JMeterThread: Thread started: Thread Group 1-198
2024-02-22 13:12:05,375 INFO o.a.j.t.JMeterThread: Thread started: Thread Group 1-199
2024-02-22 13:12:05,381 INFO o.a.j.t.JMeterThread: Thread started: Thread Group 1-200
2024-02-22 13:48:12,911 INFO o.a.j.t.JMeterThread: Thread is done: Thread Group 1-8
2024-02-22 13:48:12,912 INFO o.a.j.t.JMeterThread: Thread finished: Thread Group 1-8
2024-02-22 13:48:13,081 INFO o.a.j.t.JMeterThread: Thread is done: Thread Group 1-5
2024-02-22 13:48:13,082 INFO o.a.j.t.JMeterThread: Thread finished: Thread Group 1-5
2024-02-22 13:48:14,205 INFO o.a.j.t.JMeterThread: Thread is done: Thread Group 1-9
2024-02-22 13:48:14,205 INFO o.a.j.t.JMeterThread: Thread finished: Thread Group 1-9
2024-02-22 13:48:14,315 INFO o.a.j.t.JMeterThread: Thread is done: Thread Group 1-10
2024-02-22 13:48:14,315 INFO o.a.j.t.JMeterThread: Thread finished: Thread Group 1-10
2024-02-22 13:48:14,317 INFO o.a.j.t.JMeterThread: Thread is done: Thread Group 1-7
2024-02-22 13:48:14,317 INFO o.a.j.t.JMeterThread: Thread finished: Thread Group 1-7
2024-02-22 13:48:14,317 INFO o.a.j.t.JMeterThread: Thread is done: Thread Group 1-1
2024-02-22 13:48:14,317 INFO o.a.j.t.JMeterThread: Thread finished: Thread Group 1-1
2024-02-22 13:48:14,320 INFO o.a.j.t.JMeterThread: Thread is done: Thread Group 1-4
2024-02-22 13:48:14,321 INFO o.a.j.t.JMeterThread: Thread finished: Thread Group 1-4
2024-02-22 13:48:14,325 INFO o.a.j.t.JMeterThread: Thread is done: Thread Group 1-2
2024-02-22 13:48:14,326 INFO o.a.j.t.JMeterThread: Thread finished: Thread Group 1-2
2024-02-22 13:48:14,508 INFO o.a.j.t.JMeterThread: Thread is done: Thread Group 1-6
2024-02-22 13:48:14,508 INFO o.a.j.t.JMeterThread: Thread finished: Thread Group 1-6
2024-02-22 13:48:14,524 INFO o.a.j.t.JMeterThread: Thread is done: Thread Group 1-3
2024-02-22 13:48:14,524 INFO o.a.j.t.JMeterThread: Thread finished: Thread Group 1-3
2024-02-22 13:48:18,779 INFO o.a.j.t.JMeterThread: Thread is done: Thread Group 1-17
2024-02-22 13:48:18,780 INFO o.a.j.t.JMeterThread: Thread finished: Thread Group 1-17
2024-02-22 13:48:18,962 INFO o.a.j.t.JMeterThread: Thread is done: Thread Group 1-15
2024-02-22 13:48:18,962 INFO o.a.j.t.JMeterThread: Thread finished: Thread Group 1-15
2024-02-22 13:48:19,873 INFO o.a.j.t.JMeterThread: Thread is done: Thread Group 1-13
2024-02-22 13:48:19,873 INFO o.a.j.t.JMeterThread: Thread finished: Thread Group 1-13
2024-02-22 13:48:20,027 INFO o.a.j.t.JMeterThread: Thread is done: Thread Group 1-18
2024-02-22 13:48:20,028 INFO o.a.j.t.JMeterThread: Thread finished: Thread Group 1-18
2024-02-22 13:48:20,028 INFO o.a.j.t.JMeterThread: Thread is done: Thread Group 1-16
2024-02-22 13:48:20,028 INFO o.a.j.t.JMeterThread: Thread finished: Thread Group 1-16
2024-02-22 13:48:20,048 INFO o.a.j.t.JMeterThread: Thread is done: Thread Group 1-19
2024-02-22 13:48:20,048 INFO o.a.j.t.JMeterThread: Thread finished: Thread Group 1-19
2024-02-22 13:48:20,049 INFO o.a.j.t.JMeterThread: Thread is done: Thread Group 1-11
2024-02-22 13:48:20,049 INFO o.a.j.t.JMeterThread: Thread finished: Thread Group 1-11
2024-02-22 13:48:20,049 INFO o.a.j.t.JMeterThread: Thread is done: Thread Group 1-12
2024-02-22 13:48:20,049 INFO o.a.j.t.JMeterThread: Thread finished: Thread Group 1-12
2024-02-22 13:48:20,235 INFO o.a.j.t.JMeterThread: Thread is done: Thread Group 1-14
2024-02-22 13:48:20,235 INFO o.a.j.t.JMeterThread: Thread finished: Thread Group 1-14
2024-02-22 13:48:20,254 INFO o.a.j.t.JMeterThread: Thread is done: Thread Group 1-20
2024-02-22 13:48:20,254 INFO o.a.j.t.JMeterThread: Thread finished: Thread Group 1-20
2024-02-22 13:48:24,651 INFO o.a.j.t.JMeterThread: Thread is done: Thread Group 1-22
2024-02-22 13:48:24,651 INFO o.a.j.t.JMeterThread: Thread finished: Thread Group 1-22
2024-02-22 13:48:24,862 INFO o.a.j.t.JMeterThread: Thread is done: Thread Group 1-24
2024-02-22 13:48:24,862 INFO o.a.j.t.JMeterThread: Thread finished: Thread Group 1-24
2024-02-22 13:48:25,741 INFO o.a.j.t.JMeterThread: Thread is done: Thread Group 1-25
2024-02-22 13:48:25,742 INFO o.a.j.t.JMeterThread: Thread finished: Thread Group 1-25
2024-02-22 13:48:25,920 INFO o.a.j.t.JMeterThread: Thread is done: Thread Group 1-26
2024-02-22 13:48:25,920 INFO o.a.j.t.JMeterThread: Thread finished: Thread Group 1-26
2024-02-22 13:48:25,921 INFO o.a.j.t.JMeterThread: Thread is done: Thread Group 1-29
2024-02-22 13:48:25,921 INFO o.a.j.t.JMeterThread: Thread finished: Thread Group 1-29
2024-02-22 13:48:25,922 INFO o.a.j.t.JMeterThread: Thread is done: Thread Group 1-27
2024-02-22 13:48:25,922 INFO o.a.j.t.JMeterThread: Thread finished: Thread Group 1-27
2024-02-22 13:48:25,922 INFO o.a.j.t.JMeterThread: Thread is done: Thread Group 1-28
2024-02-22 13:48:25,922 INFO o.a.j.t.JMeterThread: Thread finished: Thread Group 1-28
2024-02-22 13:48:25,930 INFO o.a.j.t.JMeterThread: Thread is done: Thread Group 1-30
2024-02-22 13:48:25,930 INFO o.a.j.t.JMeterThread: Thread finished: Thread Group 1-30
2024-02-22 13:48:26,062 INFO o.a.j.t.JMeterThread: Thread is done: Thread Group 1-21
2024-02-22 13:48:26,063 INFO o.a.j.t.JMeterThread: Thread finished: Thread Group 1-21
2024-02-22 13:48:26,079 INFO o.a.j.t.JMeterThread: Thread is done: Thread Group 1-23
2024-02-22 13:48:26,079 INFO o.a.j.t.JMeterThread: Thread finished: Thread Group 1-23
2024-02-22 13:48:30,473 INFO o.a.j.t.JMeterThread: Thread is done: Thread Group 1-37
2024-02-22 13:48:30,473 INFO o.a.j.t.JMeterThread: Thread finished: Thread Group 1-37
2024-02-22 13:48:30,649 INFO o.a.j.t.JMeterThread: Thread is done: Thread Group 1-38
2024-02-22 13:48:30,650 INFO o.a.j.t.JMeterThread: Thread finished: Thread Group 1-38
2024-02-22 13:48:31,599 INFO o.a.j.t.JMeterThread: Thread is done: Thread Group 1-36
2024-02-22 13:48:31,600 INFO o.a.j.t.JMeterThread: Thread finished: Thread Group 1-36
2024-02-22 13:48:31,795 INFO o.a.j.t.JMeterThread: Thread is done: Thread Group 1-31
2024-02-22 13:48:31,795 INFO o.a.j.t.JMeterThread: Thread is done: Thread Group 1-34
2024-02-22 13:48:31,795 INFO o.a.j.t.JMeterThread: Thread finished: Thread Group 1-31
2024-02-22 13:48:31,795 INFO o.a.j.t.JMeterThread: Thread is done: Thread Group 1-40
2024-02-22 13:48:31,796 INFO o.a.j.t.JMeterThread: Thread finished: Thread Group 1-34
2024-02-22 13:48:31,796 INFO o.a.j.t.JMeterThread: Thread finished: Thread Group 1-40
2024-02-22 13:48:31,797 INFO o.a.j.t.JMeterThread: Thread is done: Thread Group 1-33
2024-02-22 13:48:31,798 INFO o.a.j.t.JMeterThread: Thread finished: Thread Group 1-33
2024-02-22 13:48:31,799 INFO o.a.j.t.JMeterThread: Thread is done: Thread Group 1-39
2024-02-22 13:48:31,799 INFO o.a.j.t.JMeterThread: Thread finished: Thread Group 1-39
2024-02-22 13:48:31,939 INFO o.a.j.t.JMeterThread: Thread is done: Thread Group 1-35
2024-02-22 13:48:31,939 INFO o.a.j.t.JMeterThread: Thread finished: Thread Group 1-35
2024-02-22 13:48:31,950 INFO o.a.j.t.JMeterThread: Thread is done: Thread Group 1-32
2024-02-22 13:48:31,950 INFO o.a.j.t.JMeterThread: Thread finished: Thread Group 1-32
2024-02-22 13:48:36,191 INFO o.a.j.t.JMeterThread: Thread is done: Thread Group 1-41
2024-02-22 13:48:36,191 INFO o.a.j.t.JMeterThread: Thread finished: Thread Group 1-41
2024-02-22 13:48:36,365 INFO o.a.j.t.JMeterThread: Thread is done: Thread Group 1-48
2024-02-22 13:48:36,366 INFO o.a.j.t.JMeterThread: Thread finished: Thread Group 1-48
2024-02-22 13:48:37,317 INFO o.a.j.t.JMeterThread: Thread is done: Thread Group 1-42
2024-02-22 13:48:37,317 INFO o.a.j.t.JMeterThread: Thread finished: Thread Group 1-42
2024-02-22 13:48:37,514 INFO o.a.j.t.JMeterThread: Thread is done: Thread Group 1-47
2024-02-22 13:48:37,514 INFO o.a.j.t.JMeterThread: Thread finished: Thread Group 1-47
2024-02-22 13:48:37,514 INFO o.a.j.t.JMeterThread: Thread is done: Thread Group 1-50
2024-02-22 13:48:37,514 INFO o.a.j.t.JMeterThread: Thread finished: Thread Group 1-50
2024-02-22 13:48:37,515 INFO o.a.j.t.JMeterThread: Thread is done: Thread Group 1-44
2024-02-22 13:48:37,515 INFO o.a.j.t.JMeterThread: Thread finished: Thread Group 1-44
2024-02-22 13:48:37,516 INFO o.a.j.t.JMeterThread: Thread is done: Thread Group 1-43
2024-02-22 13:48:37,516 INFO o.a.j.t.JMeterThread: Thread finished: Thread Group 1-43
2024-02-22 13:48:37,516 INFO o.a.j.t.JMeterThread: Thread is done: Thread Group 1-49
2024-02-22 13:48:37,516 INFO o.a.j.t.JMeterThread: Thread finished: Thread Group 1-49
2024-02-22 13:48:37,654 INFO o.a.j.t.JMeterThread: Thread is done: Thread Group 1-46
2024-02-22 13:48:37,654 INFO o.a.j.t.JMeterThread: Thread finished: Thread Group 1-46
2024-02-22 13:48:37,659 INFO o.a.j.t.JMeterThread: Thread is done: Thread Group 1-45
2024-02-22 13:48:37,660 INFO o.a.j.t.JMeterThread: Thread finished: Thread Group 1-45
2024-02-22 13:48:41,933 INFO o.a.j.t.JMeterThread: Thread is done: Thread Group 1-53
2024-02-22 13:48:41,934 INFO o.a.j.t.JMeterThread: Thread finished: Thread Group 1-53
2024-02-22 13:48:42,104 INFO o.a.j.t.JMeterThread: Thread is done: Thread Group 1-59
2024-02-22 13:48:42,104 INFO o.a.j.t.JMeterThread: Thread finished: Thread Group 1-59
2024-02-22 13:48:43,022 INFO o.a.j.t.JMeterThread: Thread is done: Thread Group 1-55
2024-02-22 13:48:43,023 INFO o.a.j.t.JMeterThread: Thread finished: Thread Group 1-55
2024-02-22 13:48:43,231 INFO o.a.j.t.JMeterThread: Thread is done: Thread Group 1-58
2024-02-22 13:48:43,232 INFO o.a.j.t.JMeterThread: Thread finished: Thread Group 1-58
2024-02-22 13:48:43,232 INFO o.a.j.t.JMeterThread: Thread is done: Thread Group 1-56
2024-02-22 13:48:43,233 INFO o.a.j.t.JMeterThread: Thread finished: Thread Group 1-56
2024-02-22 13:48:43,233 INFO o.a.j.t.JMeterThread: Thread is done: Thread Group 1-52
2024-02-22 13:48:43,234 INFO o.a.j.t.JMeterThread: Thread finished: Thread Group 1-52
2024-02-22 13:48:43,234 INFO o.a.j.t.JMeterThread: Thread is done: Thread Group 1-51
2024-02-22 13:48:43,234 INFO o.a.j.t.JMeterThread: Thread finished: Thread Group 1-51
2024-02-22 13:48:43,238 INFO o.a.j.t.JMeterThread: Thread is done: Thread Group 1-60
2024-02-22 13:48:43,238 INFO o.a.j.t.JMeterThread: Thread finished: Thread Group 1-60
2024-02-22 13:48:43,348 INFO o.a.j.t.JMeterThread: Thread is done: Thread Group 1-57
2024-02-22 13:48:43,349 INFO o.a.j.t.JMeterThread: Thread finished: Thread Group 1-57
2024-02-22 13:48:43,359 INFO o.a.j.t.JMeterThread: Thread is done: Thread Group 1-54
2024-02-22 13:48:43,360 INFO o.a.j.t.JMeterThread: Thread finished: Thread Group 1-54
2024-02-22 13:48:47,663 INFO o.a.j.t.JMeterThread: Thread is done: Thread Group 1-61
2024-02-22 13:48:47,663 INFO o.a.j.t.JMeterThread: Thread finished: Thread Group 1-61
2024-02-22 13:48:47,829 INFO o.a.j.t.JMeterThread: Thread is done: Thread Group 1-69
2024-02-22 13:48:47,830 INFO o.a.j.t.JMeterThread: Thread finished: Thread Group 1-69
2024-02-22 13:48:48,702 INFO o.a.j.t.JMeterThread: Thread is done: Thread Group 1-64
2024-02-22 13:48:48,702 INFO o.a.j.t.JMeterThread: Thread finished: Thread Group 1-64
2024-02-22 13:48:48,930 INFO o.a.j.t.JMeterThread: Thread is done: Thread Group 1-66
2024-02-22 13:48:48,930 INFO o.a.j.t.JMeterThread: Thread finished: Thread Group 1-66
2024-02-22 13:48:48,937 INFO o.a.j.t.JMeterThread: Thread is done: Thread Group 1-70
2024-02-22 13:48:48,938 INFO o.a.j.t.JMeterThread: Thread finished: Thread Group 1-70
2024-02-22 13:48:48,939 INFO o.a.j.t.JMeterThread: Thread is done: Thread Group 1-63
2024-02-22 13:48:48,939 INFO o.a.j.t.JMeterThread: Thread finished: Thread Group 1-63
2024-02-22 13:48:48,941 INFO o.a.j.t.JMeterThread: Thread is done: Thread Group 1-65
2024-02-22 13:48:48,941 INFO o.a.j.t.JMeterThread: Thread finished: Thread Group 1-65
2024-02-22 13:48:48,943 INFO o.a.j.t.JMeterThread: Thread is done: Thread Group 1-62
2024-02-22 13:48:48,943 INFO o.a.j.t.JMeterThread: Thread finished: Thread Group 1-62
2024-02-22 13:48:49,029 INFO o.a.j.t.JMeterThread: Thread is done: Thread Group 1-68
2024-02-22 13:48:49,029 INFO o.a.j.t.JMeterThread: Thread finished: Thread Group 1-68
2024-02-22 13:48:49,082 INFO o.a.j.t.JMeterThread: Thread is done: Thread Group 1-67
2024-02-22 13:48:49,082 INFO o.a.j.t.JMeterThread: Thread finished: Thread Group 1-67
2024-02-22 13:48:53,395 INFO o.a.j.t.JMeterThread: Thread is done: Thread Group 1-75
2024-02-22 13:48:53,396 INFO o.a.j.t.JMeterThread: Thread finished: Thread Group 1-75
2024-02-22 13:48:53,613 INFO o.a.j.t.JMeterThread: Thread is done: Thread Group 1-74
2024-02-22 13:48:53,614 INFO o.a.j.t.JMeterThread: Thread finished: Thread Group 1-74
2024-02-22 13:48:54,473 INFO o.a.j.t.JMeterThread: Thread is done: Thread Group 1-77
2024-02-22 13:48:54,473 INFO o.a.j.t.JMeterThread: Thread finished: Thread Group 1-77
2024-02-22 13:48:54,716 INFO o.a.j.t.JMeterThread: Thread is done: Thread Group 1-71
2024-02-22 13:48:54,716 INFO o.a.j.t.JMeterThread: Thread finished: Thread Group 1-71
2024-02-22 13:48:54,751 INFO o.a.j.t.JMeterThread: Thread is done: Thread Group 1-76
2024-02-22 13:48:54,751 INFO o.a.j.t.JMeterThread: Thread finished: Thread Group 1-76
2024-02-22 13:48:54,751 INFO o.a.j.t.JMeterThread: Thread is done: Thread Group 1-73
2024-02-22 13:48:54,752 INFO o.a.j.t.JMeterThread: Thread finished: Thread Group 1-73
2024-02-22 13:48:54,754 INFO o.a.j.t.JMeterThread: Thread is done: Thread Group 1-78
2024-02-22 13:48:54,754 INFO o.a.j.t.JMeterThread: Thread finished: Thread Group 1-78
2024-02-22 13:48:54,754 INFO o.a.j.t.JMeterThread: Thread is done: Thread Group 1-80
2024-02-22 13:48:54,754 INFO o.a.j.t.JMeterThread: Thread finished: Thread Group 1-80
2024-02-22 13:48:54,820 INFO o.a.j.t.JMeterThread: Thread is done: Thread Group 1-79
2024-02-22 13:48:54,820 INFO o.a.j.t.JMeterThread: Thread finished: Thread Group 1-79
2024-02-22 13:48:54,825 INFO o.a.j.t.JMeterThread: Thread is done: Thread Group 1-72
2024-02-22 13:48:54,826 INFO o.a.j.t.JMeterThread: Thread finished: Thread Group 1-72
2024-02-22 13:48:59,063 INFO o.a.j.t.JMeterThread: Thread is done: Thread Group 1-83
2024-02-22 13:48:59,063 INFO o.a.j.t.JMeterThread: Thread finished: Thread Group 1-83
2024-02-22 13:48:59,194 INFO o.a.j.t.JMeterThread: Thread is done: Thread Group 1-89
2024-02-22 13:48:59,194 INFO o.a.j.t.JMeterThread: Thread finished: Thread Group 1-89
2024-02-22 13:49:00,145 INFO o.a.j.t.JMeterThread: Thread is done: Thread Group 1-86
2024-02-22 13:49:00,146 INFO o.a.j.t.JMeterThread: Thread finished: Thread Group 1-86
2024-02-22 13:49:00,396 INFO o.a.j.t.JMeterThread: Thread is done: Thread Group 1-90
2024-02-22 13:49:00,396 INFO o.a.j.t.JMeterThread: Thread finished: Thread Group 1-90
2024-02-22 13:49:00,422 INFO o.a.j.t.JMeterThread: Thread is done: Thread Group 1-88
2024-02-22 13:49:00,423 INFO o.a.j.t.JMeterThread: Thread finished: Thread Group 1-88
2024-02-22 13:49:00,440 INFO o.a.j.t.JMeterThread: Thread is done: Thread Group 1-81
2024-02-22 13:49:00,440 INFO o.a.j.t.JMeterThread: Thread finished: Thread Group 1-81
2024-02-22 13:49:00,441 INFO o.a.j.t.JMeterThread: Thread is done: Thread Group 1-84
2024-02-22 13:49:00,441 INFO o.a.j.t.JMeterThread: Thread finished: Thread Group 1-84
2024-02-22 13:49:00,442 INFO o.a.j.t.JMeterThread: Thread is done: Thread Group 1-82
2024-02-22 13:49:00,442 INFO o.a.j.t.JMeterThread: Thread finished: Thread Group 1-82
2024-02-22 13:49:00,492 INFO o.a.j.t.JMeterThread: Thread is done: Thread Group 1-87
2024-02-22 13:49:00,492 INFO o.a.j.t.JMeterThread: Thread finished: Thread Group 1-87
2024-02-22 13:49:00,504 INFO o.a.j.t.JMeterThread: Thread is done: Thread Group 1-85
2024-02-22 13:49:00,504 INFO o.a.j.t.JMeterThread: Thread finished: Thread Group 1-85
2024-02-22 13:49:04,756 INFO o.a.j.t.JMeterThread: Thread is done: Thread Group 1-97
2024-02-22 13:49:04,756 INFO o.a.j.t.JMeterThread: Thread finished: Thread Group 1-97
2024-02-22 13:49:04,891 INFO o.a.j.t.JMeterThread: Thread is done: Thread Group 1-96
2024-02-22 13:49:04,891 INFO o.a.j.t.JMeterThread: Thread finished: Thread Group 1-96
2024-02-22 13:49:05,814 INFO o.a.j.t.JMeterThread: Thread is done: Thread Group 1-95
2024-02-22 13:49:05,814 INFO o.a.j.t.JMeterThread: Thread finished: Thread Group 1-95
2024-02-22 13:49:06,087 INFO o.a.j.t.JMeterThread: Thread is done: Thread Group 1-91
2024-02-22 13:49:06,088 INFO o.a.j.t.JMeterThread: Thread finished: Thread Group 1-91
2024-02-22 13:49:06,096 INFO o.a.j.t.JMeterThread: Thread is done: Thread Group 1-99
2024-02-22 13:49:06,096 INFO o.a.j.t.JMeterThread: Thread finished: Thread Group 1-99
2024-02-22 13:49:06,115 INFO o.a.j.t.JMeterThread: Thread is done: Thread Group 1-92
2024-02-22 13:49:06,116 INFO o.a.j.t.JMeterThread: Thread finished: Thread Group 1-92
2024-02-22 13:49:06,117 INFO o.a.j.t.JMeterThread: Thread is done: Thread Group 1-94
2024-02-22 13:49:06,117 INFO o.a.j.t.JMeterThread: Thread finished: Thread Group 1-94
2024-02-22 13:49:06,118 INFO o.a.j.t.JMeterThread: Thread is done: Thread Group 1-98
2024-02-22 13:49:06,118 INFO o.a.j.t.JMeterThread: Thread finished: Thread Group 1-98
2024-02-22 13:49:06,157 INFO o.a.j.t.JMeterThread: Thread is done: Thread Group 1-93
2024-02-22 13:49:06,158 INFO o.a.j.t.JMeterThread: Thread finished: Thread Group 1-93
2024-02-22 13:49:06,212 INFO o.a.j.t.JMeterThread: Thread is done: Thread Group 1-100
2024-02-22 13:49:06,212 INFO o.a.j.t.JMeterThread: Thread finished: Thread Group 1-100
2024-02-22 13:49:10,537 INFO o.a.j.t.JMeterThread: Thread is done: Thread Group 1-110
2024-02-22 13:49:10,537 INFO o.a.j.t.JMeterThread: Thread finished: Thread Group 1-110
2024-02-22 13:49:10,686 INFO o.a.j.t.JMeterThread: Thread is done: Thread Group 1-105
2024-02-22 13:49:10,686 INFO o.a.j.t.JMeterThread: Thread finished: Thread Group 1-105
2024-02-22 13:49:11,606 INFO o.a.j.t.JMeterThread: Thread is done: Thread Group 1-101
2024-02-22 13:49:11,607 INFO o.a.j.t.JMeterThread: Thread finished: Thread Group 1-101
2024-02-22 13:49:11,886 INFO o.a.j.t.JMeterThread: Thread is done: Thread Group 1-102
2024-02-22 13:49:11,886 INFO o.a.j.t.JMeterThread: Thread finished: Thread Group 1-102
2024-02-22 13:49:11,892 INFO o.a.j.t.JMeterThread: Thread is done: Thread Group 1-107
2024-02-22 13:49:11,892 INFO o.a.j.t.JMeterThread: Thread finished: Thread Group 1-107
2024-02-22 13:49:11,923 INFO o.a.j.t.JMeterThread: Thread is done: Thread Group 1-104
2024-02-22 13:49:11,923 INFO o.a.j.t.JMeterThread: Thread finished: Thread Group 1-104
2024-02-22 13:49:11,923 INFO o.a.j.t.JMeterThread: Thread is done: Thread Group 1-109
2024-02-22 13:49:11,924 INFO o.a.j.t.JMeterThread: Thread finished: Thread Group 1-109
2024-02-22 13:49:11,924 INFO o.a.j.t.JMeterThread: Thread is done: Thread Group 1-103
2024-02-22 13:49:11,924 INFO o.a.j.t.JMeterThread: Thread finished: Thread Group 1-103
2024-02-22 13:49:11,946 INFO o.a.j.t.JMeterThread: Thread is done: Thread Group 1-106
2024-02-22 13:49:11,946 INFO o.a.j.t.JMeterThread: Thread finished: Thread Group 1-106
2024-02-22 13:49:11,964 INFO o.a.j.t.JMeterThread: Thread is done: Thread Group 1-108
2024-02-22 13:49:11,964 INFO o.a.j.t.JMeterThread: Thread finished: Thread Group 1-108
2024-02-22 13:49:16,319 INFO o.a.j.t.JMeterThread: Thread is done: Thread Group 1-115
2024-02-22 13:49:16,319 INFO o.a.j.t.JMeterThread: Thread finished: Thread Group 1-115
2024-02-22 13:49:16,472 INFO o.a.j.t.JMeterThread: Thread is done: Thread Group 1-111
2024-02-22 13:49:16,472 INFO o.a.j.t.JMeterThread: Thread finished: Thread Group 1-111
2024-02-22 13:49:17,408 INFO o.a.j.t.JMeterThread: Thread is done: Thread Group 1-119
2024-02-22 13:49:17,408 INFO o.a.j.t.JMeterThread: Thread finished: Thread Group 1-119
2024-02-22 13:49:17,682 INFO o.a.j.t.JMeterThread: Thread is done: Thread Group 1-120
2024-02-22 13:49:17,682 INFO o.a.j.t.JMeterThread: Thread finished: Thread Group 1-120
2024-02-22 13:49:17,687 INFO o.a.j.t.JMeterThread: Thread is done: Thread Group 1-117
2024-02-22 13:49:17,687 INFO o.a.j.t.JMeterThread: Thread finished: Thread Group 1-117
2024-02-22 13:49:17,721 INFO o.a.j.t.JMeterThread: Thread is done: Thread Group 1-113
2024-02-22 13:49:17,721 INFO o.a.j.t.JMeterThread: Thread finished: Thread Group 1-113
2024-02-22 13:49:17,726 INFO o.a.j.t.JMeterThread: Thread is done: Thread Group 1-112
2024-02-22 13:49:17,726 INFO o.a.j.t.JMeterThread: Thread is done: Thread Group 1-118
2024-02-22 13:49:17,727 INFO o.a.j.t.JMeterThread: Thread finished: Thread Group 1-112
2024-02-22 13:49:17,727 INFO o.a.j.t.JMeterThread: Thread finished: Thread Group 1-118
2024-02-22 13:49:17,774 INFO o.a.j.t.JMeterThread: Thread is done: Thread Group 1-116
2024-02-22 13:49:17,774 INFO o.a.j.t.JMeterThread: Thread is done: Thread Group 1-114
2024-02-22 13:49:17,775 INFO o.a.j.t.JMeterThread: Thread finished: Thread Group 1-116
2024-02-22 13:49:17,775 INFO o.a.j.t.JMeterThread: Thread finished: Thread Group 1-114
2024-02-22 13:49:22,130 INFO o.a.j.t.JMeterThread: Thread is done: Thread Group 1-121
2024-02-22 13:49:22,131 INFO o.a.j.t.JMeterThread: Thread finished: Thread Group 1-121
2024-02-22 13:49:22,312 INFO o.a.j.t.JMeterThread: Thread is done: Thread Group 1-122
2024-02-22 13:49:22,312 INFO o.a.j.t.JMeterThread: Thread finished: Thread Group 1-122
2024-02-22 13:49:23,261 INFO o.a.j.t.JMeterThread: Thread is done: Thread Group 1-128
2024-02-22 13:49:23,262 INFO o.a.j.t.JMeterThread: Thread finished: Thread Group 1-128
2024-02-22 13:49:23,524 INFO o.a.j.t.JMeterThread: Thread is done: Thread Group 1-126
2024-02-22 13:49:23,524 INFO o.a.j.t.JMeterThread: Thread finished: Thread Group 1-126
2024-02-22 13:49:23,528 INFO o.a.j.t.JMeterThread: Thread is done: Thread Group 1-123
2024-02-22 13:49:23,529 INFO o.a.j.t.JMeterThread: Thread finished: Thread Group 1-123
2024-02-22 13:49:23,558 INFO o.a.j.t.JMeterThread: Thread is done: Thread Group 1-124
2024-02-22 13:49:23,559 INFO o.a.j.t.JMeterThread: Thread finished: Thread Group 1-124
2024-02-22 13:49:23,571 INFO o.a.j.t.JMeterThread: Thread is done: Thread Group 1-130
2024-02-22 13:49:23,571 INFO o.a.j.t.JMeterThread: Thread is done: Thread Group 1-129
2024-02-22 13:49:23,571 INFO o.a.j.t.JMeterThread: Thread finished: Thread Group 1-130
2024-02-22 13:49:23,571 INFO o.a.j.t.JMeterThread: Thread finished: Thread Group 1-129
2024-02-22 13:49:23,584 INFO o.a.j.t.JMeterThread: Thread is done: Thread Group 1-127
2024-02-22 13:49:23,584 INFO o.a.j.t.JMeterThread: Thread finished: Thread Group 1-127
2024-02-22 13:49:23,603 INFO o.a.j.t.JMeterThread: Thread is done: Thread Group 1-125
2024-02-22 13:49:23,603 INFO o.a.j.t.JMeterThread: Thread finished: Thread Group 1-125
2024-02-22 13:49:27,896 INFO o.a.j.t.JMeterThread: Thread is done: Thread Group 1-133
2024-02-22 13:49:27,897 INFO o.a.j.t.JMeterThread: Thread finished: Thread Group 1-133
2024-02-22 13:49:28,053 INFO o.a.j.t.JMeterThread: Thread is done: Thread Group 1-136
2024-02-22 13:49:28,053 INFO o.a.j.t.JMeterThread: Thread finished: Thread Group 1-136
2024-02-22 13:49:29,039 INFO o.a.j.t.JMeterThread: Thread is done: Thread Group 1-131
2024-02-22 13:49:29,040 INFO o.a.j.t.JMeterThread: Thread finished: Thread Group 1-131
2024-02-22 13:49:29,329 INFO o.a.j.t.JMeterThread: Thread is done: Thread Group 1-139
2024-02-22 13:49:29,329 INFO o.a.j.t.JMeterThread: Thread is done: Thread Group 1-134
2024-02-22 13:49:29,330 INFO o.a.j.t.JMeterThread: Thread finished: Thread Group 1-134
2024-02-22 13:49:29,330 INFO o.a.j.t.JMeterThread: Thread finished: Thread Group 1-139
2024-02-22 13:49:29,339 INFO o.a.j.t.JMeterThread: Thread is done: Thread Group 1-140
2024-02-22 13:49:29,339 INFO o.a.j.t.JMeterThread: Thread finished: Thread Group 1-140
2024-02-22 13:49:29,370 INFO o.a.j.t.JMeterThread: Thread is done: Thread Group 1-137
2024-02-22 13:49:29,370 INFO o.a.j.t.JMeterThread: Thread is done: Thread Group 1-135
2024-02-22 13:49:29,370 INFO o.a.j.t.JMeterThread: Thread finished: Thread Group 1-137
2024-02-22 13:49:29,370 INFO o.a.j.t.JMeterThread: Thread finished: Thread Group 1-135
2024-02-22 13:49:29,373 INFO o.a.j.t.JMeterThread: Thread is done: Thread Group 1-138
2024-02-22 13:49:29,373 INFO o.a.j.t.JMeterThread: Thread finished: Thread Group 1-138
2024-02-22 13:49:29,376 INFO o.a.j.t.JMeterThread: Thread is done: Thread Group 1-132
2024-02-22 13:49:29,376 INFO o.a.j.t.JMeterThread: Thread finished: Thread Group 1-132
2024-02-22 13:49:33,659 INFO o.a.j.t.JMeterThread: Thread is done: Thread Group 1-149
2024-02-22 13:49:33,660 INFO o.a.j.t.JMeterThread: Thread finished: Thread Group 1-149
2024-02-22 13:49:33,818 INFO o.a.j.t.JMeterThread: Thread is done: Thread Group 1-150
2024-02-22 13:49:33,818 INFO o.a.j.t.JMeterThread: Thread finished: Thread Group 1-150
2024-02-22 13:49:34,790 INFO o.a.j.t.JMeterThread: Thread is done: Thread Group 1-145
2024-02-22 13:49:34,790 INFO o.a.j.t.JMeterThread: Thread finished: Thread Group 1-145
2024-02-22 13:49:35,058 INFO o.a.j.t.JMeterThread: Thread is done: Thread Group 1-143
2024-02-22 13:49:35,059 INFO o.a.j.t.JMeterThread: Thread finished: Thread Group 1-143
2024-02-22 13:49:35,061 INFO o.a.j.t.JMeterThread: Thread is done: Thread Group 1-142
2024-02-22 13:49:35,061 INFO o.a.j.t.JMeterThread: Thread finished: Thread Group 1-142
2024-02-22 13:49:35,093 INFO o.a.j.t.JMeterThread: Thread is done: Thread Group 1-146
2024-02-22 13:49:35,093 INFO o.a.j.t.JMeterThread: Thread finished: Thread Group 1-146
2024-02-22 13:49:35,146 INFO o.a.j.t.JMeterThread: Thread is done: Thread Group 1-144
2024-02-22 13:49:35,146 INFO o.a.j.t.JMeterThread: Thread finished: Thread Group 1-144
2024-02-22 13:49:35,149 INFO o.a.j.t.JMeterThread: Thread is done: Thread Group 1-148
2024-02-22 13:49:35,149 INFO o.a.j.t.JMeterThread: Thread finished: Thread Group 1-148
2024-02-22 13:49:35,151 INFO o.a.j.t.JMeterThread: Thread is done: Thread Group 1-147
2024-02-22 13:49:35,151 INFO o.a.j.t.JMeterThread: Thread finished: Thread Group 1-147
2024-02-22 13:49:35,154 INFO o.a.j.t.JMeterThread: Thread is done: Thread Group 1-141
2024-02-22 13:49:35,155 INFO o.a.j.t.JMeterThread: Thread finished: Thread Group 1-141
2024-02-22 13:49:39,454 INFO o.a.j.t.JMeterThread: Thread is done: Thread Group 1-153
2024-02-22 13:49:39,454 INFO o.a.j.t.JMeterThread: Thread finished: Thread Group 1-153
2024-02-22 13:49:39,614 INFO o.a.j.t.JMeterThread: Thread is done: Thread Group 1-155
2024-02-22 13:49:39,614 INFO o.a.j.t.JMeterThread: Thread finished: Thread Group 1-155
2024-02-22 13:49:40,556 INFO o.a.j.t.JMeterThread: Thread is done: Thread Group 1-154
2024-02-22 13:49:40,556 INFO o.a.j.t.JMeterThread: Thread finished: Thread Group 1-154
2024-02-22 13:49:40,814 INFO o.a.j.t.JMeterThread: Thread is done: Thread Group 1-151
2024-02-22 13:49:40,815 INFO o.a.j.t.JMeterThread: Thread finished: Thread Group 1-151
2024-02-22 13:49:40,817 INFO o.a.j.t.JMeterThread: Thread is done: Thread Group 1-157
2024-02-22 13:49:40,817 INFO o.a.j.t.JMeterThread: Thread finished: Thread Group 1-157
2024-02-22 13:49:40,841 INFO o.a.j.t.JMeterThread: Thread is done: Thread Group 1-152
2024-02-22 13:49:40,841 INFO o.a.j.t.JMeterThread: Thread finished: Thread Group 1-152
2024-02-22 13:49:40,903 INFO o.a.j.t.JMeterThread: Thread is done: Thread Group 1-156
2024-02-22 13:49:40,903 INFO o.a.j.t.JMeterThread: Thread finished: Thread Group 1-156
2024-02-22 13:49:40,904 INFO o.a.j.t.JMeterThread: Thread is done: Thread Group 1-160
2024-02-22 13:49:40,904 INFO o.a.j.t.JMeterThread: Thread finished: Thread Group 1-160
2024-02-22 13:49:40,905 INFO o.a.j.t.JMeterThread: Thread is done: Thread Group 1-159
2024-02-22 13:49:40,905 INFO o.a.j.t.JMeterThread: Thread finished: Thread Group 1-159
2024-02-22 13:49:40,906 INFO o.a.j.t.JMeterThread: Thread is done: Thread Group 1-158
2024-02-22 13:49:40,906 INFO o.a.j.t.JMeterThread: Thread finished: Thread Group 1-158
2024-02-22 13:49:45,068 INFO o.a.j.t.JMeterThread: Thread is done: Thread Group 1-167
2024-02-22 13:49:45,068 INFO o.a.j.t.JMeterThread: Thread finished: Thread Group 1-167
2024-02-22 13:49:45,235 INFO o.a.j.t.JMeterThread: Thread is done: Thread Group 1-163
2024-02-22 13:49:45,235 INFO o.a.j.t.JMeterThread: Thread finished: Thread Group 1-163
2024-02-22 13:49:46,236 INFO o.a.j.t.JMeterThread: Thread is done: Thread Group 1-166
2024-02-22 13:49:46,236 INFO o.a.j.t.JMeterThread: Thread finished: Thread Group 1-166
2024-02-22 13:49:46,511 INFO o.a.j.t.JMeterThread: Thread is done: Thread Group 1-165
2024-02-22 13:49:46,511 INFO o.a.j.t.JMeterThread: Thread is done: Thread Group 1-168
2024-02-22 13:49:46,512 INFO o.a.j.t.JMeterThread: Thread finished: Thread Group 1-165
2024-02-22 13:49:46,512 INFO o.a.j.t.JMeterThread: Thread finished: Thread Group 1-168
2024-02-22 13:49:46,516 INFO o.a.j.t.JMeterThread: Thread is done: Thread Group 1-161
2024-02-22 13:49:46,516 INFO o.a.j.t.JMeterThread: Thread finished: Thread Group 1-161
2024-02-22 13:49:46,577 INFO o.a.j.t.JMeterThread: Thread is done: Thread Group 1-170
2024-02-22 13:49:46,578 INFO o.a.j.t.JMeterThread: Thread finished: Thread Group 1-170
2024-02-22 13:49:46,584 INFO o.a.j.t.JMeterThread: Thread is done: Thread Group 1-162
2024-02-22 13:49:46,584 INFO o.a.j.t.JMeterThread: Thread finished: Thread Group 1-162
2024-02-22 13:49:46,588 INFO o.a.j.t.JMeterThread: Thread is done: Thread Group 1-164
2024-02-22 13:49:46,588 INFO o.a.j.t.JMeterThread: Thread finished: Thread Group 1-164
2024-02-22 13:49:46,588 INFO o.a.j.t.JMeterThread: Thread is done: Thread Group 1-169
2024-02-22 13:49:46,589 INFO o.a.j.t.JMeterThread: Thread finished: Thread Group 1-169
2024-02-22 13:49:50,739 INFO o.a.j.t.JMeterThread: Thread is done: Thread Group 1-178
2024-02-22 13:49:50,739 INFO o.a.j.t.JMeterThread: Thread finished: Thread Group 1-178
2024-02-22 13:49:50,901 INFO o.a.j.t.JMeterThread: Thread is done: Thread Group 1-174
2024-02-22 13:49:50,901 INFO o.a.j.t.JMeterThread: Thread finished: Thread Group 1-174
2024-02-22 13:49:51,974 INFO o.a.j.t.JMeterThread: Thread is done: Thread Group 1-180
2024-02-22 13:49:51,974 INFO o.a.j.t.JMeterThread: Thread finished: Thread Group 1-180
2024-02-22 13:49:52,268 INFO o.a.j.t.JMeterThread: Thread is done: Thread Group 1-179
2024-02-22 13:49:52,268 INFO o.a.j.t.JMeterThread: Thread finished: Thread Group 1-179
2024-02-22 13:49:52,270 INFO o.a.j.t.JMeterThread: Thread is done: Thread Group 1-173
2024-02-22 13:49:52,270 INFO o.a.j.t.JMeterThread: Thread finished: Thread Group 1-173
2024-02-22 13:49:52,270 INFO o.a.j.t.JMeterThread: Thread is done: Thread Group 1-177
2024-02-22 13:49:52,270 INFO o.a.j.t.JMeterThread: Thread finished: Thread Group 1-177
2024-02-22 13:49:52,351 INFO o.a.j.t.JMeterThread: Thread is done: Thread Group 1-175
2024-02-22 13:49:52,351 INFO o.a.j.t.JMeterThread: Thread finished: Thread Group 1-175
2024-02-22 13:49:52,360 INFO o.a.j.t.JMeterThread: Thread is done: Thread Group 1-176
2024-02-22 13:49:52,360 INFO o.a.j.t.JMeterThread: Thread finished: Thread Group 1-176
2024-02-22 13:49:52,365 INFO o.a.j.t.JMeterThread: Thread is done: Thread Group 1-171
2024-02-22 13:49:52,365 INFO o.a.j.t.JMeterThread: Thread finished: Thread Group 1-171
2024-02-22 13:49:52,389 INFO o.a.j.t.JMeterThread: Thread is done: Thread Group 1-172
2024-02-22 13:49:52,389 INFO o.a.j.t.JMeterThread: Thread finished: Thread Group 1-172
2024-02-22 13:49:56,511 INFO o.a.j.t.JMeterThread: Thread is done: Thread Group 1-182
2024-02-22 13:49:56,512 INFO o.a.j.t.JMeterThread: Thread finished: Thread Group 1-182
2024-02-22 13:49:56,652 INFO o.a.j.t.JMeterThread: Thread is done: Thread Group 1-184
2024-02-22 13:49:56,652 INFO o.a.j.t.JMeterThread: Thread finished: Thread Group 1-184
2024-02-22 13:49:57,679 INFO o.a.j.t.JMeterThread: Thread is done: Thread Group 1-181
2024-02-22 13:49:57,679 INFO o.a.j.t.JMeterThread: Thread finished: Thread Group 1-181
2024-02-22 13:49:57,955 INFO o.a.j.t.JMeterThread: Thread is done: Thread Group 1-185
2024-02-22 13:49:57,955 INFO o.a.j.t.JMeterThread: Thread finished: Thread Group 1-185
2024-02-22 13:49:57,956 INFO o.a.j.t.JMeterThread: Thread is done: Thread Group 1-187
2024-02-22 13:49:57,956 INFO o.a.j.t.JMeterThread: Thread finished: Thread Group 1-187
2024-02-22 13:49:57,956 INFO o.a.j.t.JMeterThread: Thread is done: Thread Group 1-189
2024-02-22 13:49:57,957 INFO o.a.j.t.JMeterThread: Thread finished: Thread Group 1-189
2024-02-22 13:49:58,038 INFO o.a.j.t.JMeterThread: Thread is done: Thread Group 1-188
2024-02-22 13:49:58,038 INFO o.a.j.t.JMeterThread: Thread is done: Thread Group 1-190
2024-02-22 13:49:58,038 INFO o.a.j.t.JMeterThread: Thread is done: Thread Group 1-183
2024-02-22 13:49:58,038 INFO o.a.j.t.JMeterThread: Thread finished: Thread Group 1-188
2024-02-22 13:49:58,038 INFO o.a.j.t.JMeterThread: Thread finished: Thread Group 1-183
2024-02-22 13:49:58,038 INFO o.a.j.t.JMeterThread: Thread finished: Thread Group 1-190
2024-02-22 13:49:58,066 INFO o.a.j.t.JMeterThread: Thread is done: Thread Group 1-186
2024-02-22 13:49:58,066 INFO o.a.j.t.JMeterThread: Thread finished: Thread Group 1-186
2024-02-22 13:50:02,230 INFO o.a.j.t.JMeterThread: Thread is done: Thread Group 1-191
2024-02-22 13:50:02,230 INFO o.a.j.t.JMeterThread: Thread finished: Thread Group 1-191
2024-02-22 13:50:02,354 INFO o.a.j.t.JMeterThread: Thread is done: Thread Group 1-197
2024-02-22 13:50:02,354 INFO o.a.j.t.JMeterThread: Thread finished: Thread Group 1-197
2024-02-22 13:50:03,372 INFO o.a.j.t.JMeterThread: Thread is done: Thread Group 1-200
2024-02-22 13:50:03,372 INFO o.a.j.t.JMeterThread: Thread finished: Thread Group 1-200
2024-02-22 13:50:03,654 INFO o.a.j.t.JMeterThread: Thread is done: Thread Group 1-192
2024-02-22 13:50:03,654 INFO o.a.j.t.JMeterThread: Thread finished: Thread Group 1-192
2024-02-22 13:50:03,655 INFO o.a.j.t.JMeterThread: Thread is done: Thread Group 1-198
2024-02-22 13:50:03,655 INFO o.a.j.t.JMeterThread: Thread finished: Thread Group 1-198
2024-02-22 13:50:03,704 INFO o.a.j.t.JMeterThread: Thread is done: Thread Group 1-193
2024-02-22 13:50:03,705 INFO o.a.j.t.JMeterThread: Thread finished: Thread Group 1-193
2024-02-22 13:50:03,717 INFO o.a.j.t.JMeterThread: Thread is done: Thread Group 1-199
2024-02-22 13:50:03,718 INFO o.a.j.t.JMeterThread: Thread finished: Thread Group 1-199
2024-02-22 13:50:03,732 INFO o.a.j.t.JMeterThread: Thread is done: Thread Group 1-194
2024-02-22 13:50:03,733 INFO o.a.j.t.JMeterThread: Thread finished: Thread Group 1-194
2024-02-22 13:50:03,734 INFO o.a.j.t.JMeterThread: Thread is done: Thread Group 1-196
2024-02-22 13:50:03,734 INFO o.a.j.t.JMeterThread: Thread finished: Thread Group 1-196
2024-02-22 13:50:03,754 INFO o.a.j.t.JMeterThread: Thread is done: Thread Group 1-195
2024-02-22 13:50:03,754 INFO o.a.j.t.JMeterThread: Thread finished: Thread Group 1-195
2024-02-22 13:50:03,755 INFO o.a.j.e.StandardJMeterEngine: Notifying test listeners of end of test
2024-02-22 13:50:03,755 INFO o.a.j.s.FileServer: Close: /Users/soranosuke/Documents/BCIT/CIT Sem 4/ACIT 3855 Service Based Architectures/Labs/Project/Storage/data/transactions.csv
2024-02-22 13:50:03,755 INFO o.a.j.s.FileServer: Close: /Users/soranosuke/Documents/BCIT/CIT Sem 4/ACIT 3855 Service Based Architectures/Labs/Project/Storage/data/dates.csv
2024-02-22 13:50:03,755 INFO o.a.j.s.FileServer: Close: /Users/soranosuke/Documents/BCIT/CIT Sem 4/ACIT 3855 Service Based Architectures/Labs/Project/Storage/data/users.csv
2024-02-22 13:50:03,755 INFO o.a.j.g.u.JMeterMenuBar: setRunning(false, *local*)
