2024-03-06 13:48:21,963 INFO o.a.j.u.JMeterUtils: Setting Locale to en_EN
2024-03-06 13:48:21,982 INFO o.a.j.JMeter: Loading user properties from: /opt/homebrew/Cellar/jmeter/5.6.3/libexec/bin/user.properties
2024-03-06 13:48:21,983 INFO o.a.j.JMeter: Loading system properties from: /opt/homebrew/Cellar/jmeter/5.6.3/libexec/bin/system.properties
2024-03-06 13:48:21,986 INFO o.a.j.JMeter: Copyright (c) 1998-2024 The Apache Software Foundation
2024-03-06 13:48:21,986 INFO o.a.j.JMeter: Version 5.6.3
2024-03-06 13:48:21,986 INFO o.a.j.JMeter: java.version=21.0.1
2024-03-06 13:48:21,986 INFO o.a.j.JMeter: java.vm.name=OpenJDK 64-Bit Server VM
2024-03-06 13:48:21,986 INFO o.a.j.JMeter: os.name=Mac OS X
2024-03-06 13:48:21,986 INFO o.a.j.JMeter: os.arch=aarch64
2024-03-06 13:48:21,986 INFO o.a.j.JMeter: os.version=14.2.1
2024-03-06 13:48:21,986 INFO o.a.j.JMeter: file.encoding=UTF-8
2024-03-06 13:48:21,986 INFO o.a.j.JMeter: java.awt.headless=null
2024-03-06 13:48:21,986 INFO o.a.j.JMeter: Max memory     =1073741824
2024-03-06 13:48:21,986 INFO o.a.j.JMeter: Available Processors =14
2024-03-06 13:48:21,991 INFO o.a.j.JMeter: Default Locale=English (EN)
2024-03-06 13:48:21,991 INFO o.a.j.JMeter: JMeter  Locale=English (EN)
2024-03-06 13:48:21,991 INFO o.a.j.JMeter: JMeterHome=/opt/homebrew/Cellar/jmeter/5.6.3/libexec
2024-03-06 13:48:21,991 INFO o.a.j.JMeter: user.dir  =/Users/soranosuke/Documents/BCIT/CIT Sem 4/ACIT 3855 Service Based Architectures/Labs/Project/Dashboard
2024-03-06 13:48:21,991 INFO o.a.j.JMeter: PWD       =/Users/soranosuke/Documents/BCIT/CIT Sem 4/ACIT 3855 Service Based Architectures/Labs/Project/Dashboard
2024-03-06 13:48:21,992 INFO o.a.j.JMeter: IP: 127.0.0.1 Name: Soras-MacBook-Pro.local FullName: localhost
2024-03-06 13:48:21,999 INFO o.a.j.JMeter: Loaded icon properties from org/apache/jmeter/images/icon.properties
2024-03-06 13:48:22,431 INFO o.a.j.JMeterGuiLauncher: Setting LAF to: com.github.weisj.darklaf.DarkLaf:com.github.weisj.darklaf.theme.DarculaTheme
2024-03-06 13:48:23,126 INFO o.a.j.r.ClassFinder: Will scan jar /opt/homebrew/Cellar/jmeter/5.6.3/libexec/lib/ext/jmeter-plugins-manager-1.9.jar with filter ExtendsClassFilter [parents=[interface org.apache.jmeter.gui.action.Command], inner=false, contains=null, notContains=null]. Consider exposing JMeter plugins via META-INF/services, and add JMeter-Skip-Class-Scanning=true manifest attribute so JMeter can skip classfile scanning
2024-03-06 13:48:23,184 INFO o.a.j.r.ClassFinder: Will scan jar /opt/homebrew/Cellar/jmeter/5.6.3/libexec/lib/ext/jmeter-plugins-manager-1.9.jar with filter ExtendsClassFilter [parents=[interface org.apache.jmeter.gui.plugin.MenuCreator], inner=false, contains=null, notContains=null]. Consider exposing JMeter plugins via META-INF/services, and add JMeter-Skip-Class-Scanning=true manifest attribute so JMeter can skip classfile scanning
2024-03-06 13:48:23,242 INFO o.j.r.JARSourceHTTP: Requesting https://jmeter-plugins.org/repo/?installID=mac_os_x-bf7af5a9be53d7e6e0f95794a830faff-gui
2024-03-06 13:48:24,125 INFO o.j.r.PluginManager: Plugins Status: [jpgc-plugins-manager=1.9, jmeter-core=5.6.3, jmeter-ftp=5.6.3, jmeter-http=5.6.3, jmeter-jdbc=5.6.3, jmeter-jms=5.6.3, jmeter-junit=5.6.3, jmeter-java=5.6.3, jmeter-ldap=5.6.3, jmeter-mail=5.6.3, jmeter-mongodb=5.6.3, jmeter-native=5.6.3, jmeter-tcp=5.6.3, jmeter-components=5.6.3]
2024-03-06 13:48:24,125 INFO o.j.r.PluginManagerMenuItem: Plugins Manager has upgrades: [jpgc-plugins-manager]
2024-03-06 13:48:42,297 INFO o.a.j.s.FileServer: Default base='/Users/soranosuke/Documents/BCIT/CIT Sem 4/ACIT 3855 Service Based Architectures/Labs/Project/Dashboard'
2024-03-06 13:48:42,299 INFO o.a.j.g.a.Load: Loading file: /Users/soranosuke/Documents/BCIT/CIT Sem 4/ACIT 3855 Service Based Architectures/Labs/Project/jmeter_test_plan.jmx
2024-03-06 13:48:42,300 INFO o.a.j.s.FileServer: Set new base='/Users/soranosuke/Documents/BCIT/CIT Sem 4/ACIT 3855 Service Based Architectures/Labs/Project'
2024-03-06 13:48:42,389 INFO o.a.j.s.SaveService: Testplan (JMX) version: 2.2. Testlog (JTL) version: 2.2
2024-03-06 13:48:42,392 INFO o.a.j.s.SaveService: Using SaveService properties version 5.0
2024-03-06 13:48:42,393 INFO o.a.j.s.SaveService: Using SaveService properties file encoding UTF-8
2024-03-06 13:48:42,393 INFO o.a.j.s.SaveService: Loading file: /Users/soranosuke/Documents/BCIT/CIT Sem 4/ACIT 3855 Service Based Architectures/Labs/Project/jmeter_test_plan.jmx
2024-03-06 13:48:42,428 INFO o.a.j.p.h.s.HTTPSamplerBase: Parser for text/html is org.apache.jmeter.protocol.http.parser.LagartoBasedHtmlParser
2024-03-06 13:48:42,428 INFO o.a.j.p.h.s.HTTPSamplerBase: Parser for application/xhtml+xml is org.apache.jmeter.protocol.http.parser.LagartoBasedHtmlParser
2024-03-06 13:48:42,428 INFO o.a.j.p.h.s.HTTPSamplerBase: Parser for application/xml is org.apache.jmeter.protocol.http.parser.LagartoBasedHtmlParser
2024-03-06 13:48:42,428 INFO o.a.j.p.h.s.HTTPSamplerBase: Parser for text/xml is org.apache.jmeter.protocol.http.parser.LagartoBasedHtmlParser
2024-03-06 13:48:42,428 INFO o.a.j.p.h.s.HTTPSamplerBase: Parser for text/vnd.wap.wml is org.apache.jmeter.protocol.http.parser.RegexpHTMLParser
2024-03-06 13:48:42,428 INFO o.a.j.p.h.s.HTTPSamplerBase: Parser for text/css is org.apache.jmeter.protocol.http.parser.CssParser
2024-03-06 13:48:42,542 INFO o.a.j.s.SampleResult: Note: Sample TimeStamps are START times
2024-03-06 13:48:42,542 INFO o.a.j.s.SampleResult: sampleresult.default.encoding is set to UTF-8
2024-03-06 13:48:42,542 INFO o.a.j.s.SampleResult: sampleresult.useNanoTime=true
2024-03-06 13:48:42,542 INFO o.a.j.s.SampleResult: sampleresult.nanoThreadSleep=5000
2024-03-06 13:48:42,586 INFO o.a.j.r.ClassFinder: Will scan jar /opt/homebrew/Cellar/jmeter/5.6.3/libexec/lib/ext/jmeter-plugins-manager-1.9.jar with filter ExtendsClassFilter [parents=[interface org.apache.jmeter.visualizers.ResultRenderer], inner=false, contains=null, notContains=null]. Consider exposing JMeter plugins via META-INF/services, and add JMeter-Skip-Class-Scanning=true manifest attribute so JMeter can skip classfile scanning
2024-03-06 13:48:42,595 INFO o.a.j.r.ClassFinder: Will scan jar /opt/homebrew/Cellar/jmeter/5.6.3/libexec/lib/ext/jmeter-plugins-manager-1.9.jar with filter ExtendsClassFilter [parents=[interface org.apache.jmeter.visualizers.RequestView], inner=false, contains=null, notContains=null]. Consider exposing JMeter plugins via META-INF/services, and add JMeter-Skip-Class-Scanning=true manifest attribute so JMeter can skip classfile scanning
2024-03-06 13:48:42,614 INFO o.a.j.s.FileServer: Set new base='/Users/soranosuke/Documents/BCIT/CIT Sem 4/ACIT 3855 Service Based Architectures/Labs/Project'
2024-03-06 13:49:46,566 INFO o.a.j.e.StandardJMeterEngine: Running the test!
2024-03-06 13:49:46,567 INFO o.a.j.s.SampleEvent: List of sample_variables: []
2024-03-06 13:49:46,567 INFO o.a.j.s.SampleEvent: List of sample_variables: []
2024-03-06 13:49:46,568 INFO o.a.j.e.u.CompoundVariable: Note: Function class names must contain the string: '.functions.'
2024-03-06 13:49:46,568 INFO o.a.j.e.u.CompoundVariable: Note: Function class names must not contain the string: '.gui.'
2024-03-06 13:49:46,590 INFO o.a.j.r.ClassFinder: Will scan jar /opt/homebrew/Cellar/jmeter/5.6.3/libexec/lib/ext/jmeter-plugins-manager-1.9.jar with filter ExtendsClassFilter [parents=[interface org.apache.jmeter.functions.Function], inner=false, contains=null, notContains=null]. Consider exposing JMeter plugins via META-INF/services, and add JMeter-Skip-Class-Scanning=true manifest attribute so JMeter can skip classfile scanning
2024-03-06 13:49:46,594 INFO o.a.j.g.u.JMeterMenuBar: setRunning(true, *local*)
2024-03-06 13:49:46,618 INFO o.a.j.e.StandardJMeterEngine: Starting ThreadGroup: 1 : Thread Group
2024-03-06 13:49:46,618 INFO o.a.j.e.StandardJMeterEngine: Starting 200 threads for group Thread Group.
2024-03-06 13:49:46,618 INFO o.a.j.e.StandardJMeterEngine: Thread will continue on error
2024-03-06 13:49:46,618 INFO o.a.j.t.ThreadGroup: Starting thread group... number=1 threads=200 ramp-up=1 delayedStart=false
2024-03-06 13:49:46,622 INFO o.a.j.t.JMeterThread: Thread started: Thread Group 1-1
2024-03-06 13:49:46,623 INFO o.a.j.s.FileServer: Stored: /Users/soranosuke/Documents/BCIT/CIT Sem 4/ACIT 3855 Service Based Architectures/Labs/Project/Storage/data/users.csv
2024-03-06 13:49:46,626 INFO o.a.j.t.JMeterThread: Thread started: Thread Group 1-2
2024-03-06 13:49:46,627 INFO o.a.j.s.FileServer: Stored: /Users/soranosuke/Documents/BCIT/CIT Sem 4/ACIT 3855 Service Based Architectures/Labs/Project/Storage/data/dates.csv
2024-03-06 13:49:46,627 INFO o.a.j.s.FileServer: Stored: /Users/soranosuke/Documents/BCIT/CIT Sem 4/ACIT 3855 Service Based Architectures/Labs/Project/Storage/data/transactions.csv
2024-03-06 13:49:46,631 INFO o.a.j.p.h.s.HTTPHCAbstractImpl: Local host = Soras-MacBook-Pro.local
2024-03-06 13:49:46,632 INFO o.a.j.t.JMeterThread: Thread started: Thread Group 1-3
2024-03-06 13:49:46,635 INFO o.a.j.p.h.s.HTTPHC4Impl: HTTP request retry count = 0
2024-03-06 13:49:46,639 INFO o.a.j.t.JMeterThread: Thread started: Thread Group 1-4
2024-03-06 13:49:46,644 INFO o.a.j.t.ThreadGroup: Started thread group number 1
2024-03-06 13:49:46,645 INFO o.a.j.e.StandardJMeterEngine: All thread groups have been started
2024-03-06 13:49:46,645 INFO o.a.j.t.JMeterThread: Thread started: Thread Group 1-5
2024-03-06 13:49:46,650 INFO o.a.j.t.JMeterThread: Thread started: Thread Group 1-7
2024-03-06 13:49:46,650 INFO o.a.j.t.JMeterThread: Thread started: Thread Group 1-6
2024-03-06 13:49:46,657 INFO o.a.j.t.JMeterThread: Thread started: Thread Group 1-8
2024-03-06 13:49:46,664 INFO o.a.j.t.JMeterThread: Thread started: Thread Group 1-9
2024-03-06 13:49:46,669 INFO o.a.j.t.JMeterThread: Thread started: Thread Group 1-10
2024-03-06 13:49:46,674 INFO o.a.j.t.JMeterThread: Thread started: Thread Group 1-11
2024-03-06 13:49:46,679 INFO o.a.j.t.JMeterThread: Thread started: Thread Group 1-12
2024-03-06 13:49:46,683 INFO o.a.j.t.JMeterThread: Thread started: Thread Group 1-13
2024-03-06 13:49:46,689 INFO o.a.j.t.JMeterThread: Thread started: Thread Group 1-14
2024-03-06 13:49:46,694 INFO o.a.j.t.JMeterThread: Thread started: Thread Group 1-15
2024-03-06 13:49:46,699 INFO o.a.j.t.JMeterThread: Thread started: Thread Group 1-16
2024-03-06 13:49:46,703 INFO o.a.j.t.JMeterThread: Thread started: Thread Group 1-17
2024-03-06 13:49:46,704 INFO o.a.j.t.JMeterThread: Thread started: Thread Group 1-18
2024-03-06 13:49:46,713 INFO o.a.j.t.JMeterThread: Thread started: Thread Group 1-19
2024-03-06 13:49:46,718 INFO o.a.j.t.JMeterThread: Thread started: Thread Group 1-20
2024-03-06 13:49:46,724 INFO o.a.j.t.JMeterThread: Thread started: Thread Group 1-21
2024-03-06 13:49:46,729 INFO o.a.j.t.JMeterThread: Thread started: Thread Group 1-22
2024-03-06 13:49:46,732 INFO o.a.j.t.JMeterThread: Thread started: Thread Group 1-23
2024-03-06 13:49:46,737 INFO o.a.j.t.JMeterThread: Thread started: Thread Group 1-24
2024-03-06 13:49:46,740 INFO o.a.j.t.JMeterThread: Thread started: Thread Group 1-25
2024-03-06 13:49:46,748 INFO o.a.j.t.JMeterThread: Thread started: Thread Group 1-26
2024-03-06 13:49:46,754 INFO o.a.j.t.JMeterThread: Thread started: Thread Group 1-27
2024-03-06 13:49:46,759 INFO o.a.j.t.JMeterThread: Thread started: Thread Group 1-28
2024-03-06 13:49:46,763 INFO o.a.j.t.JMeterThread: Thread started: Thread Group 1-29
2024-03-06 13:49:46,768 INFO o.a.j.t.JMeterThread: Thread started: Thread Group 1-30
2024-03-06 13:49:46,773 INFO o.a.j.t.JMeterThread: Thread started: Thread Group 1-31
2024-03-06 13:49:46,778 INFO o.a.j.t.JMeterThread: Thread started: Thread Group 1-32
2024-03-06 13:49:46,783 INFO o.a.j.t.JMeterThread: Thread started: Thread Group 1-33
2024-03-06 13:49:46,789 INFO o.a.j.t.JMeterThread: Thread started: Thread Group 1-34
2024-03-06 13:49:46,794 INFO o.a.j.t.JMeterThread: Thread started: Thread Group 1-35
2024-03-06 13:49:46,798 INFO o.a.j.t.JMeterThread: Thread started: Thread Group 1-36
2024-03-06 13:49:46,803 INFO o.a.j.t.JMeterThread: Thread started: Thread Group 1-37
2024-03-06 13:49:46,809 INFO o.a.j.t.JMeterThread: Thread started: Thread Group 1-38
2024-03-06 13:49:46,814 INFO o.a.j.t.JMeterThread: Thread started: Thread Group 1-39
2024-03-06 13:49:46,819 INFO o.a.j.t.JMeterThread: Thread started: Thread Group 1-40
2024-03-06 13:49:46,824 INFO o.a.j.t.JMeterThread: Thread started: Thread Group 1-41
2024-03-06 13:49:46,828 INFO o.a.j.t.JMeterThread: Thread started: Thread Group 1-42
2024-03-06 13:49:46,833 INFO o.a.j.t.JMeterThread: Thread started: Thread Group 1-43
2024-03-06 13:49:46,837 INFO o.a.j.t.JMeterThread: Thread started: Thread Group 1-44
2024-03-06 13:49:46,843 INFO o.a.j.t.JMeterThread: Thread started: Thread Group 1-45
2024-03-06 13:49:46,849 INFO o.a.j.t.JMeterThread: Thread started: Thread Group 1-46
2024-03-06 13:49:46,854 INFO o.a.j.t.JMeterThread: Thread started: Thread Group 1-47
2024-03-06 13:49:46,859 INFO o.a.j.t.JMeterThread: Thread started: Thread Group 1-48
2024-03-06 13:49:46,863 INFO o.a.j.t.JMeterThread: Thread started: Thread Group 1-49
2024-03-06 13:49:46,868 INFO o.a.j.t.JMeterThread: Thread started: Thread Group 1-50
2024-03-06 13:49:46,873 INFO o.a.j.t.JMeterThread: Thread started: Thread Group 1-51
2024-03-06 13:49:46,874 INFO o.a.j.t.JMeterThread: Thread started: Thread Group 1-52
2024-03-06 13:49:46,883 INFO o.a.j.t.JMeterThread: Thread started: Thread Group 1-53
2024-03-06 13:49:46,884 INFO o.a.j.t.JMeterThread: Thread started: Thread Group 1-54
2024-03-06 13:49:46,893 INFO o.a.j.t.JMeterThread: Thread started: Thread Group 1-55
2024-03-06 13:49:46,899 INFO o.a.j.t.JMeterThread: Thread started: Thread Group 1-56
2024-03-06 13:49:46,905 INFO o.a.j.t.JMeterThread: Thread started: Thread Group 1-57
2024-03-06 13:49:46,907 INFO o.a.j.t.JMeterThread: Thread started: Thread Group 1-58
2024-03-06 13:49:46,913 INFO o.a.j.t.JMeterThread: Thread started: Thread Group 1-59
2024-03-06 13:49:46,915 INFO o.a.j.t.JMeterThread: Thread started: Thread Group 1-60
2024-03-06 13:49:46,923 INFO o.a.j.t.JMeterThread: Thread started: Thread Group 1-61
2024-03-06 13:49:46,928 INFO o.a.j.t.JMeterThread: Thread started: Thread Group 1-62
2024-03-06 13:49:46,933 INFO o.a.j.t.JMeterThread: Thread started: Thread Group 1-63
2024-03-06 13:49:46,938 INFO o.a.j.t.JMeterThread: Thread started: Thread Group 1-64
2024-03-06 13:49:46,943 INFO o.a.j.t.JMeterThread: Thread started: Thread Group 1-65
2024-03-06 13:49:46,948 INFO o.a.j.t.JMeterThread: Thread started: Thread Group 1-66
2024-03-06 13:49:46,949 INFO o.a.j.t.JMeterThread: Thread started: Thread Group 1-67
2024-03-06 13:49:46,957 INFO o.a.j.t.JMeterThread: Thread started: Thread Group 1-68
2024-03-06 13:49:46,964 INFO o.a.j.t.JMeterThread: Thread started: Thread Group 1-69
2024-03-06 13:49:46,965 INFO o.a.j.t.JMeterThread: Thread started: Thread Group 1-70
2024-03-06 13:49:46,969 INFO o.a.j.t.JMeterThread: Thread started: Thread Group 1-71
2024-03-06 13:49:46,978 INFO o.a.j.t.JMeterThread: Thread started: Thread Group 1-72
2024-03-06 13:49:46,983 INFO o.a.j.t.JMeterThread: Thread started: Thread Group 1-73
2024-03-06 13:49:46,988 INFO o.a.j.t.JMeterThread: Thread started: Thread Group 1-74
2024-03-06 13:49:46,989 INFO o.a.j.t.JMeterThread: Thread started: Thread Group 1-75
2024-03-06 13:49:46,997 INFO o.a.j.t.JMeterThread: Thread started: Thread Group 1-76
2024-03-06 13:49:47,003 INFO o.a.j.t.JMeterThread: Thread started: Thread Group 1-77
2024-03-06 13:49:47,007 INFO o.a.j.t.JMeterThread: Thread started: Thread Group 1-78
2024-03-06 13:49:47,014 INFO o.a.j.t.JMeterThread: Thread started: Thread Group 1-79
2024-03-06 13:49:47,015 INFO o.a.j.t.JMeterThread: Thread started: Thread Group 1-80
2024-03-06 13:49:47,024 INFO o.a.j.t.JMeterThread: Thread started: Thread Group 1-81
2024-03-06 13:49:47,028 INFO o.a.j.t.JMeterThread: Thread started: Thread Group 1-82
2024-03-06 13:49:47,032 INFO o.a.j.t.JMeterThread: Thread started: Thread Group 1-83
2024-03-06 13:49:47,038 INFO o.a.j.t.JMeterThread: Thread started: Thread Group 1-84
2024-03-06 13:49:47,040 INFO o.a.j.t.JMeterThread: Thread started: Thread Group 1-85
2024-03-06 13:49:47,048 INFO o.a.j.t.JMeterThread: Thread started: Thread Group 1-86
2024-03-06 13:49:47,053 INFO o.a.j.t.JMeterThread: Thread started: Thread Group 1-87
2024-03-06 13:49:47,058 INFO o.a.j.t.JMeterThread: Thread started: Thread Group 1-88
2024-03-06 13:49:47,064 INFO o.a.j.t.JMeterThread: Thread started: Thread Group 1-89
2024-03-06 13:49:47,065 INFO o.a.j.t.JMeterThread: Thread started: Thread Group 1-90
2024-03-06 13:49:47,071 INFO o.a.j.t.JMeterThread: Thread started: Thread Group 1-91
2024-03-06 13:49:47,073 INFO o.a.j.t.JMeterThread: Thread started: Thread Group 1-92
2024-03-06 13:49:47,083 INFO o.a.j.t.JMeterThread: Thread started: Thread Group 1-93
2024-03-06 13:49:47,084 INFO o.a.j.t.JMeterThread: Thread started: Thread Group 1-94
2024-03-06 13:49:47,091 INFO o.a.j.t.JMeterThread: Thread started: Thread Group 1-95
2024-03-06 13:49:47,098 INFO o.a.j.t.JMeterThread: Thread started: Thread Group 1-96
2024-03-06 13:49:47,104 INFO o.a.j.t.JMeterThread: Thread started: Thread Group 1-97
2024-03-06 13:49:47,107 INFO o.a.j.t.JMeterThread: Thread started: Thread Group 1-98
2024-03-06 13:49:47,113 INFO o.a.j.t.JMeterThread: Thread started: Thread Group 1-99
2024-03-06 13:49:47,118 INFO o.a.j.t.JMeterThread: Thread started: Thread Group 1-100
2024-03-06 13:49:47,123 INFO o.a.j.t.JMeterThread: Thread started: Thread Group 1-101
2024-03-06 13:49:47,128 INFO o.a.j.t.JMeterThread: Thread started: Thread Group 1-102
2024-03-06 13:49:47,133 INFO o.a.j.t.JMeterThread: Thread started: Thread Group 1-103
2024-03-06 13:49:47,138 INFO o.a.j.t.JMeterThread: Thread started: Thread Group 1-104
2024-03-06 13:49:47,143 INFO o.a.j.t.JMeterThread: Thread started: Thread Group 1-105
2024-03-06 13:49:47,148 INFO o.a.j.t.JMeterThread: Thread started: Thread Group 1-106
2024-03-06 13:49:47,153 INFO o.a.j.t.JMeterThread: Thread started: Thread Group 1-107
2024-03-06 13:49:47,158 INFO o.a.j.t.JMeterThread: Thread started: Thread Group 1-108
2024-03-06 13:49:47,163 INFO o.a.j.t.JMeterThread: Thread started: Thread Group 1-109
2024-03-06 13:49:47,168 INFO o.a.j.t.JMeterThread: Thread started: Thread Group 1-110
2024-03-06 13:49:47,174 INFO o.a.j.t.JMeterThread: Thread started: Thread Group 1-111
2024-03-06 13:49:47,179 INFO o.a.j.t.JMeterThread: Thread started: Thread Group 1-112
2024-03-06 13:49:47,184 INFO o.a.j.t.JMeterThread: Thread started: Thread Group 1-113
2024-03-06 13:49:47,188 INFO o.a.j.t.JMeterThread: Thread started: Thread Group 1-114
2024-03-06 13:49:47,193 INFO o.a.j.t.JMeterThread: Thread started: Thread Group 1-115
2024-03-06 13:49:47,195 INFO o.a.j.t.JMeterThread: Thread started: Thread Group 1-116
2024-03-06 13:49:47,198 INFO o.a.j.t.JMeterThread: Thread started: Thread Group 1-117
2024-03-06 13:49:47,204 INFO o.a.j.t.JMeterThread: Thread started: Thread Group 1-118
2024-03-06 13:49:47,213 INFO o.a.j.t.JMeterThread: Thread started: Thread Group 1-119
2024-03-06 13:49:47,218 INFO o.a.j.t.JMeterThread: Thread started: Thread Group 1-120
2024-03-06 13:49:47,223 INFO o.a.j.t.JMeterThread: Thread started: Thread Group 1-121
2024-03-06 13:49:47,227 INFO o.a.j.t.JMeterThread: Thread started: Thread Group 1-122
2024-03-06 13:49:47,232 INFO o.a.j.t.JMeterThread: Thread started: Thread Group 1-123
2024-03-06 13:49:47,238 INFO o.a.j.t.JMeterThread: Thread started: Thread Group 1-124
2024-03-06 13:49:47,243 INFO o.a.j.t.JMeterThread: Thread started: Thread Group 1-125
2024-03-06 13:49:47,248 INFO o.a.j.t.JMeterThread: Thread started: Thread Group 1-126
2024-03-06 13:49:47,248 INFO o.a.j.t.JMeterThread: Thread started: Thread Group 1-127
2024-03-06 13:49:47,258 INFO o.a.j.t.JMeterThread: Thread started: Thread Group 1-128
2024-03-06 13:49:47,263 INFO o.a.j.t.JMeterThread: Thread started: Thread Group 1-129
2024-03-06 13:49:47,265 INFO o.a.j.t.JMeterThread: Thread started: Thread Group 1-130
2024-03-06 13:49:47,272 INFO o.a.j.t.JMeterThread: Thread started: Thread Group 1-131
2024-03-06 13:49:47,279 INFO o.a.j.t.JMeterThread: Thread started: Thread Group 1-132
2024-03-06 13:49:47,283 INFO o.a.j.t.JMeterThread: Thread started: Thread Group 1-133
2024-03-06 13:49:47,288 INFO o.a.j.t.JMeterThread: Thread started: Thread Group 1-134
2024-03-06 13:49:47,294 INFO o.a.j.t.JMeterThread: Thread started: Thread Group 1-135
2024-03-06 13:49:47,298 INFO o.a.j.t.JMeterThread: Thread started: Thread Group 1-136
2024-03-06 13:49:47,303 INFO o.a.j.t.JMeterThread: Thread started: Thread Group 1-137
2024-03-06 13:49:47,308 INFO o.a.j.t.JMeterThread: Thread started: Thread Group 1-138
2024-03-06 13:49:47,314 INFO o.a.j.t.JMeterThread: Thread started: Thread Group 1-139
2024-03-06 13:49:47,318 INFO o.a.j.t.JMeterThread: Thread started: Thread Group 1-140
2024-03-06 13:49:47,323 INFO o.a.j.t.JMeterThread: Thread started: Thread Group 1-141
2024-03-06 13:49:47,327 INFO o.a.j.t.JMeterThread: Thread started: Thread Group 1-142
2024-03-06 13:49:47,333 INFO o.a.j.t.JMeterThread: Thread started: Thread Group 1-143
2024-03-06 13:49:47,338 INFO o.a.j.t.JMeterThread: Thread started: Thread Group 1-144
2024-03-06 13:49:47,342 INFO o.a.j.t.JMeterThread: Thread started: Thread Group 1-145
2024-03-06 13:49:47,348 INFO o.a.j.t.JMeterThread: Thread started: Thread Group 1-146
2024-03-06 13:49:47,354 INFO o.a.j.t.JMeterThread: Thread started: Thread Group 1-147
2024-03-06 13:49:47,357 INFO o.a.j.t.JMeterThread: Thread started: Thread Group 1-148
2024-03-06 13:49:47,363 INFO o.a.j.t.JMeterThread: Thread started: Thread Group 1-149
2024-03-06 13:49:47,368 INFO o.a.j.t.JMeterThread: Thread started: Thread Group 1-150
2024-03-06 13:49:47,368 INFO o.a.j.t.JMeterThread: Thread started: Thread Group 1-151
2024-03-06 13:49:47,375 INFO o.a.j.t.JMeterThread: Thread started: Thread Group 1-152
2024-03-06 13:49:47,382 INFO o.a.j.t.JMeterThread: Thread started: Thread Group 1-153
2024-03-06 13:49:47,388 INFO o.a.j.t.JMeterThread: Thread started: Thread Group 1-154
2024-03-06 13:49:47,390 INFO o.a.j.t.JMeterThread: Thread started: Thread Group 1-155
2024-03-06 13:49:47,398 INFO o.a.j.t.JMeterThread: Thread started: Thread Group 1-156
2024-03-06 13:49:47,404 INFO o.a.j.t.JMeterThread: Thread started: Thread Group 1-157
2024-03-06 13:49:47,407 INFO o.a.j.t.JMeterThread: Thread started: Thread Group 1-158
2024-03-06 13:49:47,413 INFO o.a.j.t.JMeterThread: Thread started: Thread Group 1-159
2024-03-06 13:49:47,418 INFO o.a.j.t.JMeterThread: Thread started: Thread Group 1-160
2024-03-06 13:49:47,419 INFO o.a.j.t.JMeterThread: Thread started: Thread Group 1-161
2024-03-06 13:49:47,428 INFO o.a.j.t.JMeterThread: Thread started: Thread Group 1-162
2024-03-06 13:49:47,433 INFO o.a.j.t.JMeterThread: Thread started: Thread Group 1-163
2024-03-06 13:49:47,438 INFO o.a.j.t.JMeterThread: Thread started: Thread Group 1-164
2024-03-06 13:49:47,442 INFO o.a.j.t.JMeterThread: Thread started: Thread Group 1-165
2024-03-06 13:49:47,448 INFO o.a.j.t.JMeterThread: Thread started: Thread Group 1-166
2024-03-06 13:49:47,454 INFO o.a.j.t.JMeterThread: Thread started: Thread Group 1-167
2024-03-06 13:49:47,459 INFO o.a.j.t.JMeterThread: Thread started: Thread Group 1-168
2024-03-06 13:49:47,459 INFO o.a.j.t.JMeterThread: Thread started: Thread Group 1-169
2024-03-06 13:49:47,468 INFO o.a.j.t.JMeterThread: Thread started: Thread Group 1-170
2024-03-06 13:49:47,468 INFO o.a.j.t.JMeterThread: Thread started: Thread Group 1-171
2024-03-06 13:49:47,478 INFO o.a.j.t.JMeterThread: Thread started: Thread Group 1-172
2024-03-06 13:49:47,483 INFO o.a.j.t.JMeterThread: Thread started: Thread Group 1-173
2024-03-06 13:49:47,488 INFO o.a.j.t.JMeterThread: Thread started: Thread Group 1-174
2024-03-06 13:49:47,490 INFO o.a.j.t.JMeterThread: Thread started: Thread Group 1-175
2024-03-06 13:49:47,498 INFO o.a.j.t.JMeterThread: Thread started: Thread Group 1-176
2024-03-06 13:49:47,503 INFO o.a.j.t.JMeterThread: Thread started: Thread Group 1-177
2024-03-06 13:49:47,509 INFO o.a.j.t.JMeterThread: Thread started: Thread Group 1-178
2024-03-06 13:49:47,509 INFO o.a.j.t.JMeterThread: Thread started: Thread Group 1-179
2024-03-06 13:49:47,515 INFO o.a.j.t.JMeterThread: Thread started: Thread Group 1-180
2024-03-06 13:49:47,523 INFO o.a.j.t.JMeterThread: Thread started: Thread Group 1-181
2024-03-06 13:49:47,523 INFO o.a.j.t.JMeterThread: Thread started: Thread Group 1-182
2024-03-06 13:49:47,532 INFO o.a.j.t.JMeterThread: Thread started: Thread Group 1-183
2024-03-06 13:49:47,538 INFO o.a.j.t.JMeterThread: Thread started: Thread Group 1-184
2024-03-06 13:49:47,540 INFO o.a.j.t.JMeterThread: Thread started: Thread Group 1-185
2024-03-06 13:49:47,544 INFO o.a.j.t.JMeterThread: Thread started: Thread Group 1-186
2024-03-06 13:49:47,553 INFO o.a.j.t.JMeterThread: Thread started: Thread Group 1-187
2024-03-06 13:49:47,557 INFO o.a.j.t.JMeterThread: Thread started: Thread Group 1-188
2024-03-06 13:49:47,563 INFO o.a.j.t.JMeterThread: Thread started: Thread Group 1-189
2024-03-06 13:49:47,563 INFO o.a.j.t.JMeterThread: Thread started: Thread Group 1-190
2024-03-06 13:49:47,569 INFO o.a.j.t.JMeterThread: Thread started: Thread Group 1-191
2024-03-06 13:49:47,578 INFO o.a.j.t.JMeterThread: Thread started: Thread Group 1-192
2024-03-06 13:49:47,582 INFO o.a.j.t.JMeterThread: Thread started: Thread Group 1-193
2024-03-06 13:49:47,588 INFO o.a.j.t.JMeterThread: Thread started: Thread Group 1-194
2024-03-06 13:49:47,593 INFO o.a.j.t.JMeterThread: Thread started: Thread Group 1-195
2024-03-06 13:49:47,598 INFO o.a.j.t.JMeterThread: Thread started: Thread Group 1-196
2024-03-06 13:49:47,599 INFO o.a.j.t.JMeterThread: Thread started: Thread Group 1-197
2024-03-06 13:49:47,608 INFO o.a.j.t.JMeterThread: Thread started: Thread Group 1-198
2024-03-06 13:49:47,612 INFO o.a.j.t.JMeterThread: Thread started: Thread Group 1-199
2024-03-06 13:49:47,619 INFO o.a.j.t.JMeterThread: Thread started: Thread Group 1-200
2024-03-06 13:50:02,315 INFO o.a.j.t.JMeterThread: Thread is done: Thread Group 1-4
2024-03-06 13:50:02,315 INFO o.a.j.t.JMeterThread: Thread finished: Thread Group 1-4
2024-03-06 13:50:02,541 INFO o.a.j.t.JMeterThread: Thread is done: Thread Group 1-2
2024-03-06 13:50:02,541 INFO o.a.j.t.JMeterThread: Thread finished: Thread Group 1-2
2024-03-06 13:50:02,544 INFO o.a.j.t.JMeterThread: Thread is done: Thread Group 1-1
2024-03-06 13:50:02,545 INFO o.a.j.t.JMeterThread: Thread finished: Thread Group 1-1
2024-03-06 13:50:02,585 INFO o.a.j.t.JMeterThread: Thread is done: Thread Group 1-9
2024-03-06 13:50:02,585 INFO o.a.j.t.JMeterThread: Thread finished: Thread Group 1-9
2024-03-06 13:50:02,725 INFO o.a.j.t.JMeterThread: Thread is done: Thread Group 1-8
2024-03-06 13:50:02,725 INFO o.a.j.t.JMeterThread: Thread finished: Thread Group 1-8
2024-03-06 13:50:02,780 INFO o.a.j.t.JMeterThread: Thread is done: Thread Group 1-10
2024-03-06 13:50:02,780 INFO o.a.j.t.JMeterThread: Thread finished: Thread Group 1-10
2024-03-06 13:50:02,807 INFO o.a.j.t.JMeterThread: Thread is done: Thread Group 1-3
2024-03-06 13:50:02,807 INFO o.a.j.t.JMeterThread: Thread finished: Thread Group 1-3
2024-03-06 13:50:02,890 INFO o.a.j.t.JMeterThread: Thread is done: Thread Group 1-6
2024-03-06 13:50:02,891 INFO o.a.j.t.JMeterThread: Thread finished: Thread Group 1-6
2024-03-06 13:50:02,924 INFO o.a.j.t.JMeterThread: Thread is done: Thread Group 1-11
2024-03-06 13:50:02,925 INFO o.a.j.t.JMeterThread: Thread finished: Thread Group 1-11
2024-03-06 13:50:02,965 INFO o.a.j.t.JMeterThread: Thread is done: Thread Group 1-7
2024-03-06 13:50:02,965 INFO o.a.j.t.JMeterThread: Thread is done: Thread Group 1-13
2024-03-06 13:50:02,965 INFO o.a.j.t.JMeterThread: Thread finished: Thread Group 1-7
2024-03-06 13:50:02,965 INFO o.a.j.t.JMeterThread: Thread finished: Thread Group 1-13
2024-03-06 13:50:03,038 INFO o.a.j.t.JMeterThread: Thread is done: Thread Group 1-18
2024-03-06 13:50:03,038 INFO o.a.j.t.JMeterThread: Thread finished: Thread Group 1-18
2024-03-06 13:50:03,049 INFO o.a.j.t.JMeterThread: Thread is done: Thread Group 1-20
2024-03-06 13:50:03,049 INFO o.a.j.t.JMeterThread: Thread finished: Thread Group 1-20
2024-03-06 13:50:03,077 INFO o.a.j.t.JMeterThread: Thread is done: Thread Group 1-5
2024-03-06 13:50:03,077 INFO o.a.j.t.JMeterThread: Thread finished: Thread Group 1-5
2024-03-06 13:50:03,211 INFO o.a.j.t.JMeterThread: Thread is done: Thread Group 1-12
2024-03-06 13:50:03,211 INFO o.a.j.t.JMeterThread: Thread finished: Thread Group 1-12
2024-03-06 13:50:03,259 INFO o.a.j.t.JMeterThread: Thread is done: Thread Group 1-15
2024-03-06 13:50:03,259 INFO o.a.j.t.JMeterThread: Thread finished: Thread Group 1-15
2024-03-06 13:50:03,299 INFO o.a.j.t.JMeterThread: Thread is done: Thread Group 1-19
2024-03-06 13:50:03,299 INFO o.a.j.t.JMeterThread: Thread is done: Thread Group 1-16
2024-03-06 13:50:03,300 INFO o.a.j.t.JMeterThread: Thread finished: Thread Group 1-19
2024-03-06 13:50:03,300 INFO o.a.j.t.JMeterThread: Thread finished: Thread Group 1-16
2024-03-06 13:50:03,349 INFO o.a.j.t.JMeterThread: Thread is done: Thread Group 1-17
2024-03-06 13:50:03,349 INFO o.a.j.t.JMeterThread: Thread finished: Thread Group 1-17
2024-03-06 13:50:03,352 INFO o.a.j.t.JMeterThread: Thread is done: Thread Group 1-22
2024-03-06 13:50:03,352 INFO o.a.j.t.JMeterThread: Thread finished: Thread Group 1-22
2024-03-06 13:50:03,388 INFO o.a.j.t.JMeterThread: Thread is done: Thread Group 1-24
2024-03-06 13:50:03,388 INFO o.a.j.t.JMeterThread: Thread finished: Thread Group 1-24
2024-03-06 13:50:03,428 INFO o.a.j.t.JMeterThread: Thread is done: Thread Group 1-14
2024-03-06 13:50:03,429 INFO o.a.j.t.JMeterThread: Thread finished: Thread Group 1-14
2024-03-06 13:50:03,508 INFO o.a.j.t.JMeterThread: Thread is done: Thread Group 1-26
2024-03-06 13:50:03,508 INFO o.a.j.t.JMeterThread: Thread finished: Thread Group 1-26
2024-03-06 13:50:03,549 INFO o.a.j.t.JMeterThread: Thread is done: Thread Group 1-21
2024-03-06 13:50:03,549 INFO o.a.j.t.JMeterThread: Thread finished: Thread Group 1-21
2024-03-06 13:50:03,585 INFO o.a.j.t.JMeterThread: Thread is done: Thread Group 1-25
2024-03-06 13:50:03,585 INFO o.a.j.t.JMeterThread: Thread finished: Thread Group 1-25
2024-03-06 13:50:03,591 INFO o.a.j.t.JMeterThread: Thread is done: Thread Group 1-23
2024-03-06 13:50:03,591 INFO o.a.j.t.JMeterThread: Thread finished: Thread Group 1-23
2024-03-06 13:50:03,631 INFO o.a.j.t.JMeterThread: Thread is done: Thread Group 1-29
2024-03-06 13:50:03,631 INFO o.a.j.t.JMeterThread: Thread finished: Thread Group 1-29
2024-03-06 13:50:03,632 INFO o.a.j.t.JMeterThread: Thread is done: Thread Group 1-33
2024-03-06 13:50:03,632 INFO o.a.j.t.JMeterThread: Thread finished: Thread Group 1-33
2024-03-06 13:50:03,632 INFO o.a.j.t.JMeterThread: Thread is done: Thread Group 1-35
2024-03-06 13:50:03,632 INFO o.a.j.t.JMeterThread: Thread finished: Thread Group 1-35
2024-03-06 13:50:03,676 INFO o.a.j.t.JMeterThread: Thread is done: Thread Group 1-27
2024-03-06 13:50:03,677 INFO o.a.j.t.JMeterThread: Thread finished: Thread Group 1-27
2024-03-06 13:50:03,795 INFO o.a.j.t.JMeterThread: Thread is done: Thread Group 1-32
2024-03-06 13:50:03,795 INFO o.a.j.t.JMeterThread: Thread finished: Thread Group 1-32
2024-03-06 13:50:03,838 INFO o.a.j.t.JMeterThread: Thread is done: Thread Group 1-31
2024-03-06 13:50:03,838 INFO o.a.j.t.JMeterThread: Thread finished: Thread Group 1-31
2024-03-06 13:50:03,838 INFO o.a.j.t.JMeterThread: Thread is done: Thread Group 1-30
2024-03-06 13:50:03,838 INFO o.a.j.t.JMeterThread: Thread finished: Thread Group 1-30
2024-03-06 13:50:03,838 INFO o.a.j.t.JMeterThread: Thread is done: Thread Group 1-28
2024-03-06 13:50:03,839 INFO o.a.j.t.JMeterThread: Thread finished: Thread Group 1-28
2024-03-06 13:50:03,878 INFO o.a.j.t.JMeterThread: Thread is done: Thread Group 1-34
2024-03-06 13:50:03,879 INFO o.a.j.t.JMeterThread: Thread finished: Thread Group 1-34
2024-03-06 13:50:03,920 INFO o.a.j.t.JMeterThread: Thread is done: Thread Group 1-39
2024-03-06 13:50:03,920 INFO o.a.j.t.JMeterThread: Thread is done: Thread Group 1-44
2024-03-06 13:50:03,920 INFO o.a.j.t.JMeterThread: Thread finished: Thread Group 1-39
2024-03-06 13:50:03,920 INFO o.a.j.t.JMeterThread: Thread finished: Thread Group 1-44
2024-03-06 13:50:03,931 INFO o.a.j.t.JMeterThread: Thread is done: Thread Group 1-40
2024-03-06 13:50:03,931 INFO o.a.j.t.JMeterThread: Thread finished: Thread Group 1-40
2024-03-06 13:50:03,957 INFO o.a.j.t.JMeterThread: Thread is done: Thread Group 1-43
2024-03-06 13:50:03,957 INFO o.a.j.t.JMeterThread: Thread finished: Thread Group 1-43
2024-03-06 13:50:03,987 INFO o.a.j.t.JMeterThread: Thread is done: Thread Group 1-36
2024-03-06 13:50:03,987 INFO o.a.j.t.JMeterThread: Thread finished: Thread Group 1-36
2024-03-06 13:50:04,039 INFO o.a.j.t.JMeterThread: Thread is done: Thread Group 1-38
2024-03-06 13:50:04,039 INFO o.a.j.t.JMeterThread: Thread finished: Thread Group 1-38
2024-03-06 13:50:04,088 INFO o.a.j.t.JMeterThread: Thread is done: Thread Group 1-37
2024-03-06 13:50:04,088 INFO o.a.j.t.JMeterThread: Thread is done: Thread Group 1-45
2024-03-06 13:50:04,088 INFO o.a.j.t.JMeterThread: Thread is done: Thread Group 1-47
2024-03-06 13:50:04,088 INFO o.a.j.t.JMeterThread: Thread finished: Thread Group 1-45
2024-03-06 13:50:04,088 INFO o.a.j.t.JMeterThread: Thread finished: Thread Group 1-37
2024-03-06 13:50:04,088 INFO o.a.j.t.JMeterThread: Thread finished: Thread Group 1-47
2024-03-06 13:50:04,117 INFO o.a.j.t.JMeterThread: Thread is done: Thread Group 1-51
2024-03-06 13:50:04,118 INFO o.a.j.t.JMeterThread: Thread finished: Thread Group 1-51
2024-03-06 13:50:04,141 INFO o.a.j.t.JMeterThread: Thread is done: Thread Group 1-41
2024-03-06 13:50:04,142 INFO o.a.j.t.JMeterThread: Thread finished: Thread Group 1-41
2024-03-06 13:50:04,175 INFO o.a.j.t.JMeterThread: Thread is done: Thread Group 1-49
2024-03-06 13:50:04,175 INFO o.a.j.t.JMeterThread: Thread finished: Thread Group 1-49
2024-03-06 13:50:04,203 INFO o.a.j.t.JMeterThread: Thread is done: Thread Group 1-58
2024-03-06 13:50:04,203 INFO o.a.j.t.JMeterThread: Thread finished: Thread Group 1-58
2024-03-06 13:50:04,246 INFO o.a.j.t.JMeterThread: Thread is done: Thread Group 1-54
2024-03-06 13:50:04,246 INFO o.a.j.t.JMeterThread: Thread finished: Thread Group 1-54
2024-03-06 13:50:04,270 INFO o.a.j.t.JMeterThread: Thread is done: Thread Group 1-48
2024-03-06 13:50:04,270 INFO o.a.j.t.JMeterThread: Thread finished: Thread Group 1-48
2024-03-06 13:50:04,278 INFO o.a.j.t.JMeterThread: Thread is done: Thread Group 1-56
2024-03-06 13:50:04,278 INFO o.a.j.t.JMeterThread: Thread finished: Thread Group 1-56
2024-03-06 13:50:04,306 INFO o.a.j.t.JMeterThread: Thread is done: Thread Group 1-46
2024-03-06 13:50:04,306 INFO o.a.j.t.JMeterThread: Thread finished: Thread Group 1-46
2024-03-06 13:50:04,318 INFO o.a.j.t.JMeterThread: Thread is done: Thread Group 1-53
2024-03-06 13:50:04,319 INFO o.a.j.t.JMeterThread: Thread finished: Thread Group 1-53
2024-03-06 13:50:04,320 INFO o.a.j.t.JMeterThread: Thread is done: Thread Group 1-42
2024-03-06 13:50:04,320 INFO o.a.j.t.JMeterThread: Thread is done: Thread Group 1-67
2024-03-06 13:50:04,320 INFO o.a.j.t.JMeterThread: Thread finished: Thread Group 1-42
2024-03-06 13:50:04,320 INFO o.a.j.t.JMeterThread: Thread finished: Thread Group 1-67
2024-03-06 13:50:04,320 INFO o.a.j.t.JMeterThread: Thread is done: Thread Group 1-62
2024-03-06 13:50:04,320 INFO o.a.j.t.JMeterThread: Thread finished: Thread Group 1-62
2024-03-06 13:50:04,340 INFO o.a.j.t.JMeterThread: Thread is done: Thread Group 1-52
2024-03-06 13:50:04,341 INFO o.a.j.t.JMeterThread: Thread finished: Thread Group 1-52
2024-03-06 13:50:04,351 INFO o.a.j.t.JMeterThread: Thread is done: Thread Group 1-50
2024-03-06 13:50:04,351 INFO o.a.j.t.JMeterThread: Thread finished: Thread Group 1-50
2024-03-06 13:50:04,395 INFO o.a.j.t.JMeterThread: Thread is done: Thread Group 1-63
2024-03-06 13:50:04,395 INFO o.a.j.t.JMeterThread: Thread is done: Thread Group 1-74
2024-03-06 13:50:04,395 INFO o.a.j.t.JMeterThread: Thread is done: Thread Group 1-61
2024-03-06 13:50:04,395 INFO o.a.j.t.JMeterThread: Thread finished: Thread Group 1-63
2024-03-06 13:50:04,395 INFO o.a.j.t.JMeterThread: Thread is done: Thread Group 1-68
2024-03-06 13:50:04,395 INFO o.a.j.t.JMeterThread: Thread finished: Thread Group 1-68
2024-03-06 13:50:04,396 INFO o.a.j.t.JMeterThread: Thread finished: Thread Group 1-74
2024-03-06 13:50:04,395 INFO o.a.j.t.JMeterThread: Thread finished: Thread Group 1-61
2024-03-06 13:50:04,397 INFO o.a.j.t.JMeterThread: Thread is done: Thread Group 1-57
2024-03-06 13:50:04,398 INFO o.a.j.t.JMeterThread: Thread finished: Thread Group 1-57
2024-03-06 13:50:04,398 INFO o.a.j.t.JMeterThread: Thread is done: Thread Group 1-55
2024-03-06 13:50:04,398 INFO o.a.j.t.JMeterThread: Thread finished: Thread Group 1-55
2024-03-06 13:50:04,416 INFO o.a.j.t.JMeterThread: Thread is done: Thread Group 1-59
2024-03-06 13:50:04,417 INFO o.a.j.t.JMeterThread: Thread finished: Thread Group 1-59
2024-03-06 13:50:04,435 INFO o.a.j.t.JMeterThread: Thread is done: Thread Group 1-66
2024-03-06 13:50:04,436 INFO o.a.j.t.JMeterThread: Thread finished: Thread Group 1-66
2024-03-06 13:50:04,470 INFO o.a.j.t.JMeterThread: Thread is done: Thread Group 1-64
2024-03-06 13:50:04,471 INFO o.a.j.t.JMeterThread: Thread finished: Thread Group 1-64
2024-03-06 13:50:04,481 INFO o.a.j.t.JMeterThread: Thread is done: Thread Group 1-60
2024-03-06 13:50:04,481 INFO o.a.j.t.JMeterThread: Thread finished: Thread Group 1-60
2024-03-06 13:50:04,503 INFO o.a.j.t.JMeterThread: Thread is done: Thread Group 1-65
2024-03-06 13:50:04,503 INFO o.a.j.t.JMeterThread: Thread is done: Thread Group 1-78
2024-03-06 13:50:04,503 INFO o.a.j.t.JMeterThread: Thread is done: Thread Group 1-81
2024-03-06 13:50:04,503 INFO o.a.j.t.JMeterThread: Thread is done: Thread Group 1-69
2024-03-06 13:50:04,503 INFO o.a.j.t.JMeterThread: Thread finished: Thread Group 1-65
2024-03-06 13:50:04,503 INFO o.a.j.t.JMeterThread: Thread finished: Thread Group 1-81
2024-03-06 13:50:04,503 INFO o.a.j.t.JMeterThread: Thread finished: Thread Group 1-78
2024-03-06 13:50:04,503 INFO o.a.j.t.JMeterThread: Thread finished: Thread Group 1-69
2024-03-06 13:50:04,517 INFO o.a.j.t.JMeterThread: Thread is done: Thread Group 1-73
2024-03-06 13:50:04,517 INFO o.a.j.t.JMeterThread: Thread finished: Thread Group 1-73
2024-03-06 13:50:04,548 INFO o.a.j.t.JMeterThread: Thread is done: Thread Group 1-79
2024-03-06 13:50:04,548 INFO o.a.j.t.JMeterThread: Thread finished: Thread Group 1-79
2024-03-06 13:50:04,558 INFO o.a.j.t.JMeterThread: Thread is done: Thread Group 1-70
2024-03-06 13:50:04,558 INFO o.a.j.t.JMeterThread: Thread finished: Thread Group 1-70
2024-03-06 13:50:04,615 INFO o.a.j.t.JMeterThread: Thread is done: Thread Group 1-87
2024-03-06 13:50:04,615 INFO o.a.j.t.JMeterThread: Thread is done: Thread Group 1-76
2024-03-06 13:50:04,615 INFO o.a.j.t.JMeterThread: Thread is done: Thread Group 1-75
2024-03-06 13:50:04,615 INFO o.a.j.t.JMeterThread: Thread finished: Thread Group 1-76
2024-03-06 13:50:04,615 INFO o.a.j.t.JMeterThread: Thread finished: Thread Group 1-87
2024-03-06 13:50:04,615 INFO o.a.j.t.JMeterThread: Thread finished: Thread Group 1-75
2024-03-06 13:50:04,646 INFO o.a.j.t.JMeterThread: Thread is done: Thread Group 1-71
2024-03-06 13:50:04,646 INFO o.a.j.t.JMeterThread: Thread finished: Thread Group 1-71
2024-03-06 13:50:04,680 INFO o.a.j.t.JMeterThread: Thread is done: Thread Group 1-77
2024-03-06 13:50:04,680 INFO o.a.j.t.JMeterThread: Thread is done: Thread Group 1-80
2024-03-06 13:50:04,680 INFO o.a.j.t.JMeterThread: Thread finished: Thread Group 1-77
2024-03-06 13:50:04,680 INFO o.a.j.t.JMeterThread: Thread finished: Thread Group 1-80
2024-03-06 13:50:04,697 INFO o.a.j.t.JMeterThread: Thread is done: Thread Group 1-105
2024-03-06 13:50:04,697 INFO o.a.j.t.JMeterThread: Thread finished: Thread Group 1-105
2024-03-06 13:50:04,699 INFO o.a.j.t.JMeterThread: Thread is done: Thread Group 1-89
2024-03-06 13:50:04,699 INFO o.a.j.t.JMeterThread: Thread finished: Thread Group 1-89
2024-03-06 13:50:04,705 INFO o.a.j.t.JMeterThread: Thread is done: Thread Group 1-84
2024-03-06 13:50:04,705 INFO o.a.j.t.JMeterThread: Thread finished: Thread Group 1-84
2024-03-06 13:50:04,714 INFO o.a.j.t.JMeterThread: Thread is done: Thread Group 1-82
2024-03-06 13:50:04,714 INFO o.a.j.t.JMeterThread: Thread finished: Thread Group 1-82
2024-03-06 13:50:04,749 INFO o.a.j.t.JMeterThread: Thread is done: Thread Group 1-100
2024-03-06 13:50:04,749 INFO o.a.j.t.JMeterThread: Thread is done: Thread Group 1-95
2024-03-06 13:50:04,749 INFO o.a.j.t.JMeterThread: Thread is done: Thread Group 1-90
2024-03-06 13:50:04,749 INFO o.a.j.t.JMeterThread: Thread is done: Thread Group 1-72
2024-03-06 13:50:04,749 INFO o.a.j.t.JMeterThread: Thread finished: Thread Group 1-72
2024-03-06 13:50:04,749 INFO o.a.j.t.JMeterThread: Thread finished: Thread Group 1-100
2024-03-06 13:50:04,749 INFO o.a.j.t.JMeterThread: Thread finished: Thread Group 1-95
2024-03-06 13:50:04,749 INFO o.a.j.t.JMeterThread: Thread finished: Thread Group 1-90
2024-03-06 13:50:04,752 INFO o.a.j.t.JMeterThread: Thread is done: Thread Group 1-93
2024-03-06 13:50:04,752 INFO o.a.j.t.JMeterThread: Thread finished: Thread Group 1-93
2024-03-06 13:50:04,801 INFO o.a.j.t.JMeterThread: Thread is done: Thread Group 1-83
2024-03-06 13:50:04,801 INFO o.a.j.t.JMeterThread: Thread is done: Thread Group 1-110
2024-03-06 13:50:04,801 INFO o.a.j.t.JMeterThread: Thread is done: Thread Group 1-88
2024-03-06 13:50:04,801 INFO o.a.j.t.JMeterThread: Thread finished: Thread Group 1-83
2024-03-06 13:50:04,802 INFO o.a.j.t.JMeterThread: Thread finished: Thread Group 1-110
2024-03-06 13:50:04,802 INFO o.a.j.t.JMeterThread: Thread finished: Thread Group 1-88
2024-03-06 13:50:04,803 INFO o.a.j.t.JMeterThread: Thread is done: Thread Group 1-101
2024-03-06 13:50:04,803 INFO o.a.j.t.JMeterThread: Thread is done: Thread Group 1-106
2024-03-06 13:50:04,803 INFO o.a.j.t.JMeterThread: Thread finished: Thread Group 1-101
2024-03-06 13:50:04,803 INFO o.a.j.t.JMeterThread: Thread is done: Thread Group 1-85
2024-03-06 13:50:04,803 INFO o.a.j.t.JMeterThread: Thread finished: Thread Group 1-106
2024-03-06 13:50:04,803 INFO o.a.j.t.JMeterThread: Thread finished: Thread Group 1-85
2024-03-06 13:50:04,841 INFO o.a.j.t.JMeterThread: Thread is done: Thread Group 1-98
2024-03-06 13:50:04,841 INFO o.a.j.t.JMeterThread: Thread is done: Thread Group 1-108
2024-03-06 13:50:04,841 INFO o.a.j.t.JMeterThread: Thread is done: Thread Group 1-112
2024-03-06 13:50:04,841 INFO o.a.j.t.JMeterThread: Thread finished: Thread Group 1-108
2024-03-06 13:50:04,841 INFO o.a.j.t.JMeterThread: Thread finished: Thread Group 1-98
2024-03-06 13:50:04,841 INFO o.a.j.t.JMeterThread: Thread finished: Thread Group 1-112
2024-03-06 13:50:04,842 INFO o.a.j.t.JMeterThread: Thread is done: Thread Group 1-114
2024-03-06 13:50:04,842 INFO o.a.j.t.JMeterThread: Thread is done: Thread Group 1-127
2024-03-06 13:50:04,842 INFO o.a.j.t.JMeterThread: Thread finished: Thread Group 1-114
2024-03-06 13:50:04,842 INFO o.a.j.t.JMeterThread: Thread finished: Thread Group 1-127
2024-03-06 13:50:04,875 INFO o.a.j.t.JMeterThread: Thread is done: Thread Group 1-132
2024-03-06 13:50:04,875 INFO o.a.j.t.JMeterThread: Thread is done: Thread Group 1-118
2024-03-06 13:50:04,875 INFO o.a.j.t.JMeterThread: Thread is done: Thread Group 1-96
2024-03-06 13:50:04,875 INFO o.a.j.t.JMeterThread: Thread is done: Thread Group 1-86
2024-03-06 13:50:04,875 INFO o.a.j.t.JMeterThread: Thread finished: Thread Group 1-118
2024-03-06 13:50:04,875 INFO o.a.j.t.JMeterThread: Thread finished: Thread Group 1-86
2024-03-06 13:50:04,875 INFO o.a.j.t.JMeterThread: Thread finished: Thread Group 1-132
2024-03-06 13:50:04,875 INFO o.a.j.t.JMeterThread: Thread finished: Thread Group 1-96
2024-03-06 13:50:04,875 INFO o.a.j.t.JMeterThread: Thread is done: Thread Group 1-107
2024-03-06 13:50:04,875 INFO o.a.j.t.JMeterThread: Thread finished: Thread Group 1-107
2024-03-06 13:50:04,888 INFO o.a.j.t.JMeterThread: Thread is done: Thread Group 1-91
2024-03-06 13:50:04,888 INFO o.a.j.t.JMeterThread: Thread finished: Thread Group 1-91
2024-03-06 13:50:04,891 INFO o.a.j.t.JMeterThread: Thread is done: Thread Group 1-125
2024-03-06 13:50:04,891 INFO o.a.j.t.JMeterThread: Thread finished: Thread Group 1-125
2024-03-06 13:50:04,907 INFO o.a.j.t.JMeterThread: Thread is done: Thread Group 1-117
2024-03-06 13:50:04,907 INFO o.a.j.t.JMeterThread: Thread finished: Thread Group 1-117
2024-03-06 13:50:04,907 INFO o.a.j.t.JMeterThread: Thread is done: Thread Group 1-109
2024-03-06 13:50:04,907 INFO o.a.j.t.JMeterThread: Thread finished: Thread Group 1-109
2024-03-06 13:50:04,918 INFO o.a.j.t.JMeterThread: Thread is done: Thread Group 1-149
2024-03-06 13:50:04,918 INFO o.a.j.t.JMeterThread: Thread is done: Thread Group 1-123
2024-03-06 13:50:04,918 INFO o.a.j.t.JMeterThread: Thread is done: Thread Group 1-111
2024-03-06 13:50:04,918 INFO o.a.j.t.JMeterThread: Thread is done: Thread Group 1-121
2024-03-06 13:50:04,918 INFO o.a.j.t.JMeterThread: Thread finished: Thread Group 1-123
2024-03-06 13:50:04,918 INFO o.a.j.t.JMeterThread: Thread finished: Thread Group 1-121
2024-03-06 13:50:04,918 INFO o.a.j.t.JMeterThread: Thread finished: Thread Group 1-149
2024-03-06 13:50:04,918 INFO o.a.j.t.JMeterThread: Thread finished: Thread Group 1-111
2024-03-06 13:50:04,920 INFO o.a.j.t.JMeterThread: Thread is done: Thread Group 1-103
2024-03-06 13:50:04,920 INFO o.a.j.t.JMeterThread: Thread finished: Thread Group 1-103
2024-03-06 13:50:04,922 INFO o.a.j.t.JMeterThread: Thread is done: Thread Group 1-94
2024-03-06 13:50:04,922 INFO o.a.j.t.JMeterThread: Thread finished: Thread Group 1-94
2024-03-06 13:50:04,950 INFO o.a.j.t.JMeterThread: Thread is done: Thread Group 1-92
2024-03-06 13:50:04,950 INFO o.a.j.t.JMeterThread: Thread is done: Thread Group 1-97
2024-03-06 13:50:04,950 INFO o.a.j.t.JMeterThread: Thread finished: Thread Group 1-92
2024-03-06 13:50:04,950 INFO o.a.j.t.JMeterThread: Thread finished: Thread Group 1-97
2024-03-06 13:50:04,951 INFO o.a.j.t.JMeterThread: Thread is done: Thread Group 1-113
2024-03-06 13:50:04,951 INFO o.a.j.t.JMeterThread: Thread finished: Thread Group 1-113
2024-03-06 13:50:04,951 INFO o.a.j.t.JMeterThread: Thread is done: Thread Group 1-102
2024-03-06 13:50:04,951 INFO o.a.j.t.JMeterThread: Thread finished: Thread Group 1-102
2024-03-06 13:50:04,951 INFO o.a.j.t.JMeterThread: Thread is done: Thread Group 1-99
2024-03-06 13:50:04,951 INFO o.a.j.t.JMeterThread: Thread finished: Thread Group 1-99
2024-03-06 13:50:04,951 INFO o.a.j.t.JMeterThread: Thread is done: Thread Group 1-138
2024-03-06 13:50:04,951 INFO o.a.j.t.JMeterThread: Thread is done: Thread Group 1-104
2024-03-06 13:50:04,951 INFO o.a.j.t.JMeterThread: Thread finished: Thread Group 1-138
2024-03-06 13:50:04,951 INFO o.a.j.t.JMeterThread: Thread finished: Thread Group 1-104
2024-03-06 13:50:04,959 INFO o.a.j.t.JMeterThread: Thread is done: Thread Group 1-131
2024-03-06 13:50:04,959 INFO o.a.j.t.JMeterThread: Thread is done: Thread Group 1-134
2024-03-06 13:50:04,959 INFO o.a.j.t.JMeterThread: Thread finished: Thread Group 1-134
2024-03-06 13:50:04,959 INFO o.a.j.t.JMeterThread: Thread finished: Thread Group 1-131
2024-03-06 13:50:04,986 INFO o.a.j.t.JMeterThread: Thread is done: Thread Group 1-119
2024-03-06 13:50:04,986 INFO o.a.j.t.JMeterThread: Thread is done: Thread Group 1-124
2024-03-06 13:50:04,986 INFO o.a.j.t.JMeterThread: Thread is done: Thread Group 1-126
2024-03-06 13:50:04,986 INFO o.a.j.t.JMeterThread: Thread is done: Thread Group 1-130
2024-03-06 13:50:04,986 INFO o.a.j.t.JMeterThread: Thread is done: Thread Group 1-116
2024-03-06 13:50:04,986 INFO o.a.j.t.JMeterThread: Thread is done: Thread Group 1-156
2024-03-06 13:50:04,986 INFO o.a.j.t.JMeterThread: Thread finished: Thread Group 1-130
2024-03-06 13:50:04,986 INFO o.a.j.t.JMeterThread: Thread finished: Thread Group 1-116
2024-03-06 13:50:04,986 INFO o.a.j.t.JMeterThread: Thread finished: Thread Group 1-119
2024-03-06 13:50:04,986 INFO o.a.j.t.JMeterThread: Thread finished: Thread Group 1-126
2024-03-06 13:50:04,986 INFO o.a.j.t.JMeterThread: Thread finished: Thread Group 1-124
2024-03-06 13:50:04,986 INFO o.a.j.t.JMeterThread: Thread finished: Thread Group 1-156
2024-03-06 13:50:04,992 INFO o.a.j.t.JMeterThread: Thread is done: Thread Group 1-135
2024-03-06 13:50:04,992 INFO o.a.j.t.JMeterThread: Thread finished: Thread Group 1-135
2024-03-06 13:50:04,994 INFO o.a.j.t.JMeterThread: Thread is done: Thread Group 1-155
2024-03-06 13:50:04,994 INFO o.a.j.t.JMeterThread: Thread is done: Thread Group 1-120
2024-03-06 13:50:04,994 INFO o.a.j.t.JMeterThread: Thread finished: Thread Group 1-155
2024-03-06 13:50:04,994 INFO o.a.j.t.JMeterThread: Thread finished: Thread Group 1-120
2024-03-06 13:50:04,995 INFO o.a.j.t.JMeterThread: Thread is done: Thread Group 1-140
2024-03-06 13:50:04,996 INFO o.a.j.t.JMeterThread: Thread finished: Thread Group 1-140
2024-03-06 13:50:05,025 INFO o.a.j.t.JMeterThread: Thread is done: Thread Group 1-144
2024-03-06 13:50:05,025 INFO o.a.j.t.JMeterThread: Thread finished: Thread Group 1-144
2024-03-06 13:50:05,026 INFO o.a.j.t.JMeterThread: Thread is done: Thread Group 1-129
2024-03-06 13:50:05,026 INFO o.a.j.t.JMeterThread: Thread finished: Thread Group 1-129
2024-03-06 13:50:05,026 INFO o.a.j.t.JMeterThread: Thread is done: Thread Group 1-137
2024-03-06 13:50:05,026 INFO o.a.j.t.JMeterThread: Thread finished: Thread Group 1-137
2024-03-06 13:50:05,026 INFO o.a.j.t.JMeterThread: Thread is done: Thread Group 1-128
2024-03-06 13:50:05,026 INFO o.a.j.t.JMeterThread: Thread is done: Thread Group 1-164
2024-03-06 13:50:05,026 INFO o.a.j.t.JMeterThread: Thread finished: Thread Group 1-128
2024-03-06 13:50:05,026 INFO o.a.j.t.JMeterThread: Thread is done: Thread Group 1-136
2024-03-06 13:50:05,026 INFO o.a.j.t.JMeterThread: Thread finished: Thread Group 1-164
2024-03-06 13:50:05,026 INFO o.a.j.t.JMeterThread: Thread finished: Thread Group 1-136
2024-03-06 13:50:05,031 INFO o.a.j.t.JMeterThread: Thread is done: Thread Group 1-122
2024-03-06 13:50:05,031 INFO o.a.j.t.JMeterThread: Thread is done: Thread Group 1-165
2024-03-06 13:50:05,031 INFO o.a.j.t.JMeterThread: Thread finished: Thread Group 1-122
2024-03-06 13:50:05,031 INFO o.a.j.t.JMeterThread: Thread finished: Thread Group 1-165
2024-03-06 13:50:05,034 INFO o.a.j.t.JMeterThread: Thread is done: Thread Group 1-147
2024-03-06 13:50:05,034 INFO o.a.j.t.JMeterThread: Thread finished: Thread Group 1-147
2024-03-06 13:50:05,036 INFO o.a.j.t.JMeterThread: Thread is done: Thread Group 1-143
2024-03-06 13:50:05,036 INFO o.a.j.t.JMeterThread: Thread finished: Thread Group 1-143
2024-03-06 13:50:05,054 INFO o.a.j.t.JMeterThread: Thread is done: Thread Group 1-133
2024-03-06 13:50:05,054 INFO o.a.j.t.JMeterThread: Thread finished: Thread Group 1-133
2024-03-06 13:50:05,062 INFO o.a.j.t.JMeterThread: Thread is done: Thread Group 1-115
2024-03-06 13:50:05,062 INFO o.a.j.t.JMeterThread: Thread is done: Thread Group 1-139
2024-03-06 13:50:05,062 INFO o.a.j.t.JMeterThread: Thread is done: Thread Group 1-154
2024-03-06 13:50:05,062 INFO o.a.j.t.JMeterThread: Thread is done: Thread Group 1-150
2024-03-06 13:50:05,062 INFO o.a.j.t.JMeterThread: Thread finished: Thread Group 1-139
2024-03-06 13:50:05,062 INFO o.a.j.t.JMeterThread: Thread finished: Thread Group 1-115
2024-03-06 13:50:05,062 INFO o.a.j.t.JMeterThread: Thread finished: Thread Group 1-150
2024-03-06 13:50:05,062 INFO o.a.j.t.JMeterThread: Thread finished: Thread Group 1-154
2024-03-06 13:50:05,062 INFO o.a.j.t.JMeterThread: Thread is done: Thread Group 1-151
2024-03-06 13:50:05,062 INFO o.a.j.t.JMeterThread: Thread finished: Thread Group 1-151
2024-03-06 13:50:05,067 INFO o.a.j.t.JMeterThread: Thread is done: Thread Group 1-146
2024-03-06 13:50:05,067 INFO o.a.j.t.JMeterThread: Thread is done: Thread Group 1-141
2024-03-06 13:50:05,067 INFO o.a.j.t.JMeterThread: Thread finished: Thread Group 1-146
2024-03-06 13:50:05,067 INFO o.a.j.t.JMeterThread: Thread finished: Thread Group 1-141
2024-03-06 13:50:05,071 INFO o.a.j.t.JMeterThread: Thread is done: Thread Group 1-170
2024-03-06 13:50:05,071 INFO o.a.j.t.JMeterThread: Thread is done: Thread Group 1-163
2024-03-06 13:50:05,071 INFO o.a.j.t.JMeterThread: Thread finished: Thread Group 1-170
2024-03-06 13:50:05,071 INFO o.a.j.t.JMeterThread: Thread finished: Thread Group 1-163
2024-03-06 13:50:05,094 INFO o.a.j.t.JMeterThread: Thread is done: Thread Group 1-178
2024-03-06 13:50:05,094 INFO o.a.j.t.JMeterThread: Thread finished: Thread Group 1-178
2024-03-06 13:50:05,099 INFO o.a.j.t.JMeterThread: Thread is done: Thread Group 1-148
2024-03-06 13:50:05,099 INFO o.a.j.t.JMeterThread: Thread is done: Thread Group 1-172
2024-03-06 13:50:05,099 INFO o.a.j.t.JMeterThread: Thread finished: Thread Group 1-148
2024-03-06 13:50:05,099 INFO o.a.j.t.JMeterThread: Thread is done: Thread Group 1-174
2024-03-06 13:50:05,099 INFO o.a.j.t.JMeterThread: Thread is done: Thread Group 1-181
2024-03-06 13:50:05,099 INFO o.a.j.t.JMeterThread: Thread finished: Thread Group 1-174
2024-03-06 13:50:05,099 INFO o.a.j.t.JMeterThread: Thread finished: Thread Group 1-172
2024-03-06 13:50:05,099 INFO o.a.j.t.JMeterThread: Thread finished: Thread Group 1-181
2024-03-06 13:50:05,099 INFO o.a.j.t.JMeterThread: Thread is done: Thread Group 1-142
2024-03-06 13:50:05,099 INFO o.a.j.t.JMeterThread: Thread finished: Thread Group 1-142
2024-03-06 13:50:05,101 INFO o.a.j.t.JMeterThread: Thread is done: Thread Group 1-176
2024-03-06 13:50:05,101 INFO o.a.j.t.JMeterThread: Thread finished: Thread Group 1-176
2024-03-06 13:50:05,103 INFO o.a.j.t.JMeterThread: Thread is done: Thread Group 1-153
2024-03-06 13:50:05,103 INFO o.a.j.t.JMeterThread: Thread finished: Thread Group 1-153
2024-03-06 13:50:05,107 INFO o.a.j.t.JMeterThread: Thread is done: Thread Group 1-179
2024-03-06 13:50:05,107 INFO o.a.j.t.JMeterThread: Thread is done: Thread Group 1-152
2024-03-06 13:50:05,107 INFO o.a.j.t.JMeterThread: Thread finished: Thread Group 1-179
2024-03-06 13:50:05,107 INFO o.a.j.t.JMeterThread: Thread finished: Thread Group 1-152
2024-03-06 13:50:05,129 INFO o.a.j.t.JMeterThread: Thread is done: Thread Group 1-160
2024-03-06 13:50:05,130 INFO o.a.j.t.JMeterThread: Thread finished: Thread Group 1-160
2024-03-06 13:50:05,133 INFO o.a.j.t.JMeterThread: Thread is done: Thread Group 1-173
2024-03-06 13:50:05,133 INFO o.a.j.t.JMeterThread: Thread is done: Thread Group 1-145
2024-03-06 13:50:05,133 INFO o.a.j.t.JMeterThread: Thread is done: Thread Group 1-184
2024-03-06 13:50:05,133 INFO o.a.j.t.JMeterThread: Thread is done: Thread Group 1-183
2024-03-06 13:50:05,133 INFO o.a.j.t.JMeterThread: Thread is done: Thread Group 1-166
2024-03-06 13:50:05,133 INFO o.a.j.t.JMeterThread: Thread finished: Thread Group 1-184
2024-03-06 13:50:05,133 INFO o.a.j.t.JMeterThread: Thread finished: Thread Group 1-145
2024-03-06 13:50:05,133 INFO o.a.j.t.JMeterThread: Thread finished: Thread Group 1-173
2024-03-06 13:50:05,133 INFO o.a.j.t.JMeterThread: Thread finished: Thread Group 1-183
2024-03-06 13:50:05,133 INFO o.a.j.t.JMeterThread: Thread finished: Thread Group 1-166
2024-03-06 13:50:05,141 INFO o.a.j.t.JMeterThread: Thread is done: Thread Group 1-167
2024-03-06 13:50:05,141 INFO o.a.j.t.JMeterThread: Thread finished: Thread Group 1-167
2024-03-06 13:50:05,145 INFO o.a.j.t.JMeterThread: Thread is done: Thread Group 1-157
2024-03-06 13:50:05,145 INFO o.a.j.t.JMeterThread: Thread is done: Thread Group 1-161
2024-03-06 13:50:05,145 INFO o.a.j.t.JMeterThread: Thread finished: Thread Group 1-157
2024-03-06 13:50:05,145 INFO o.a.j.t.JMeterThread: Thread is done: Thread Group 1-162
2024-03-06 13:50:05,145 INFO o.a.j.t.JMeterThread: Thread finished: Thread Group 1-161
2024-03-06 13:50:05,145 INFO o.a.j.t.JMeterThread: Thread finished: Thread Group 1-162
2024-03-06 13:50:05,175 INFO o.a.j.t.JMeterThread: Thread is done: Thread Group 1-192
2024-03-06 13:50:05,175 INFO o.a.j.t.JMeterThread: Thread is done: Thread Group 1-187
2024-03-06 13:50:05,175 INFO o.a.j.t.JMeterThread: Thread is done: Thread Group 1-158
2024-03-06 13:50:05,175 INFO o.a.j.t.JMeterThread: Thread is done: Thread Group 1-182
2024-03-06 13:50:05,175 INFO o.a.j.t.JMeterThread: Thread is done: Thread Group 1-185
2024-03-06 13:50:05,175 INFO o.a.j.t.JMeterThread: Thread finished: Thread Group 1-182
2024-03-06 13:50:05,175 INFO o.a.j.t.JMeterThread: Thread finished: Thread Group 1-185
2024-03-06 13:50:05,175 INFO o.a.j.t.JMeterThread: Thread finished: Thread Group 1-158
2024-03-06 13:50:05,175 INFO o.a.j.t.JMeterThread: Thread finished: Thread Group 1-192
2024-03-06 13:50:05,175 INFO o.a.j.t.JMeterThread: Thread is done: Thread Group 1-159
2024-03-06 13:50:05,175 INFO o.a.j.t.JMeterThread: Thread finished: Thread Group 1-187
2024-03-06 13:50:05,175 INFO o.a.j.t.JMeterThread: Thread finished: Thread Group 1-159
2024-03-06 13:50:05,178 INFO o.a.j.t.JMeterThread: Thread is done: Thread Group 1-180
2024-03-06 13:50:05,178 INFO o.a.j.t.JMeterThread: Thread finished: Thread Group 1-180
2024-03-06 13:50:05,182 INFO o.a.j.t.JMeterThread: Thread is done: Thread Group 1-198
2024-03-06 13:50:05,182 INFO o.a.j.t.JMeterThread: Thread is done: Thread Group 1-168
2024-03-06 13:50:05,182 INFO o.a.j.t.JMeterThread: Thread finished: Thread Group 1-198
2024-03-06 13:50:05,182 INFO o.a.j.t.JMeterThread: Thread finished: Thread Group 1-168
2024-03-06 13:50:05,182 INFO o.a.j.t.JMeterThread: Thread is done: Thread Group 1-186
2024-03-06 13:50:05,182 INFO o.a.j.t.JMeterThread: Thread finished: Thread Group 1-186
2024-03-06 13:50:05,200 INFO o.a.j.t.JMeterThread: Thread is done: Thread Group 1-200
2024-03-06 13:50:05,200 INFO o.a.j.t.JMeterThread: Thread is done: Thread Group 1-171
2024-03-06 13:50:05,200 INFO o.a.j.t.JMeterThread: Thread is done: Thread Group 1-169
2024-03-06 13:50:05,200 INFO o.a.j.t.JMeterThread: Thread finished: Thread Group 1-200
2024-03-06 13:50:05,200 INFO o.a.j.t.JMeterThread: Thread is done: Thread Group 1-190
2024-03-06 13:50:05,200 INFO o.a.j.t.JMeterThread: Thread finished: Thread Group 1-169
2024-03-06 13:50:05,200 INFO o.a.j.t.JMeterThread: Thread finished: Thread Group 1-171
2024-03-06 13:50:05,200 INFO o.a.j.t.JMeterThread: Thread finished: Thread Group 1-190
2024-03-06 13:50:05,201 INFO o.a.j.t.JMeterThread: Thread is done: Thread Group 1-175
2024-03-06 13:50:05,201 INFO o.a.j.t.JMeterThread: Thread finished: Thread Group 1-175
2024-03-06 13:50:05,204 INFO o.a.j.t.JMeterThread: Thread is done: Thread Group 1-177
2024-03-06 13:50:05,204 INFO o.a.j.t.JMeterThread: Thread finished: Thread Group 1-177
2024-03-06 13:50:05,214 INFO o.a.j.t.JMeterThread: Thread is done: Thread Group 1-188
2024-03-06 13:50:05,214 INFO o.a.j.t.JMeterThread: Thread finished: Thread Group 1-188
2024-03-06 13:50:05,215 INFO o.a.j.t.JMeterThread: Thread is done: Thread Group 1-196
2024-03-06 13:50:05,215 INFO o.a.j.t.JMeterThread: Thread is done: Thread Group 1-194
2024-03-06 13:50:05,215 INFO o.a.j.t.JMeterThread: Thread is done: Thread Group 1-199
2024-03-06 13:50:05,215 INFO o.a.j.t.JMeterThread: Thread finished: Thread Group 1-196
2024-03-06 13:50:05,215 INFO o.a.j.t.JMeterThread: Thread finished: Thread Group 1-199
2024-03-06 13:50:05,215 INFO o.a.j.t.JMeterThread: Thread finished: Thread Group 1-194
2024-03-06 13:50:05,228 INFO o.a.j.t.JMeterThread: Thread is done: Thread Group 1-191
2024-03-06 13:50:05,228 INFO o.a.j.t.JMeterThread: Thread finished: Thread Group 1-191
2024-03-06 13:50:05,228 INFO o.a.j.t.JMeterThread: Thread is done: Thread Group 1-189
2024-03-06 13:50:05,228 INFO o.a.j.t.JMeterThread: Thread finished: Thread Group 1-189
2024-03-06 13:50:05,230 INFO o.a.j.t.JMeterThread: Thread is done: Thread Group 1-193
2024-03-06 13:50:05,230 INFO o.a.j.t.JMeterThread: Thread finished: Thread Group 1-193
2024-03-06 13:50:05,232 INFO o.a.j.t.JMeterThread: Thread is done: Thread Group 1-195
2024-03-06 13:50:05,232 INFO o.a.j.t.JMeterThread: Thread is done: Thread Group 1-197
2024-03-06 13:50:05,232 INFO o.a.j.t.JMeterThread: Thread finished: Thread Group 1-195
2024-03-06 13:50:05,232 INFO o.a.j.t.JMeterThread: Thread finished: Thread Group 1-197
2024-03-06 13:50:05,233 INFO o.a.j.e.StandardJMeterEngine: Notifying test listeners of end of test
2024-03-06 13:50:05,233 INFO o.a.j.s.FileServer: Close: /Users/soranosuke/Documents/BCIT/CIT Sem 4/ACIT 3855 Service Based Architectures/Labs/Project/Storage/data/transactions.csv
2024-03-06 13:50:05,233 INFO o.a.j.s.FileServer: Close: /Users/soranosuke/Documents/BCIT/CIT Sem 4/ACIT 3855 Service Based Architectures/Labs/Project/Storage/data/dates.csv
2024-03-06 13:50:05,233 INFO o.a.j.s.FileServer: Close: /Users/soranosuke/Documents/BCIT/CIT Sem 4/ACIT 3855 Service Based Architectures/Labs/Project/Storage/data/users.csv
2024-03-06 13:50:05,233 INFO o.a.j.g.u.JMeterMenuBar: setRunning(false, *local*)
