2024-02-08 19:13:21,008 - basicLogger - INFO - Started periodic processing
2024-02-08 19:13:21,038 - basicLogger - INFO - No new events received
2024-02-08 19:13:21,042 - basicLogger - DEBUG - Event was processed with the updated values: 0 | 0 | 0 | 0 | 0 | 2024-02-08 19:13:21.017765
2024-02-08 19:13:21,042 - basicLogger - INFO - Ended periodic processing
2024-02-08 19:13:26,007 - basicLogger - INFO - Started periodic processing
2024-02-08 19:13:26,028 - basicLogger - INFO - No new events received
2024-02-08 19:13:26,030 - basicLogger - DEBUG - Event was processed with the updated values: 0 | 0 | 0 | 0 | 0 | 2024-02-08 19:13:21.017765
2024-02-08 19:13:26,030 - basicLogger - INFO - Ended periodic processing
2024-02-08 19:13:31,005 - basicLogger - INFO - Started periodic processing
2024-02-08 19:13:31,024 - basicLogger - INFO - Received new events - no new gun stat events received | purchase_history: 2
2024-02-08 19:13:31,024 - basicLogger - DEBUG - PurchaseHistory Event: fa48ade7-5dee-4917-b9a9-99d825b4e422
2024-02-08 19:13:31,024 - basicLogger - DEBUG - PurchaseHistory Event: 66847334-ad23-4721-a120-ad81dfcec641
2024-02-08 19:13:31,027 - basicLogger - DEBUG - Event was processed with the updated values: 2 | 0 | 20 | 0 | 0 | 2024-02-08 19:13:29
2024-02-08 19:13:31,027 - basicLogger - INFO - Ended periodic processing
2024-02-08 19:13:36,007 - basicLogger - INFO - Started periodic processing
2024-02-08 19:13:36,025 - basicLogger - INFO - Received new events - no new gun stat events received | purchase_history: 1
2024-02-08 19:13:36,025 - basicLogger - DEBUG - PurchaseHistory Event: 66847334-ad23-4721-a120-ad81dfcec641
2024-02-08 19:13:36,027 - basicLogger - DEBUG - Event was processed with the updated values: 3 | 0 | 30 | 0 | 0 | 2024-02-08 19:13:29
2024-02-08 19:13:36,027 - basicLogger - INFO - Ended periodic processing
2024-02-08 19:16:05,966 - basicLogger - INFO - Started periodic processing
2024-02-08 19:16:05,984 - basicLogger - INFO - No new events received
2024-02-08 19:16:05,985 - basicLogger - DEBUG - Event was processed with the updated values: 0 | 0 | 0 | 0 | 0 | 2024-02-08 19:16:05.971342
2024-02-08 19:16:05,985 - basicLogger - INFO - Ended periodic processing
2024-02-08 19:16:10,968 - basicLogger - INFO - Started periodic processing
2024-02-08 19:16:10,988 - basicLogger - INFO - No new events received
2024-02-08 19:16:10,990 - basicLogger - DEBUG - Event was processed with the updated values: 0 | 0 | 0 | 0 | 0 | 2024-02-08 19:16:05.971342
2024-02-08 19:16:10,990 - basicLogger - INFO - Ended periodic processing
2024-02-08 19:16:15,964 - basicLogger - INFO - Started periodic processing
2024-02-08 19:16:15,981 - basicLogger - INFO - No new events received
2024-02-08 19:16:15,983 - basicLogger - DEBUG - Event was processed with the updated values: 0 | 0 | 0 | 0 | 0 | 2024-02-08 19:16:05.971342
2024-02-08 19:16:15,983 - basicLogger - INFO - Ended periodic processing
2024-02-08 19:16:20,968 - basicLogger - INFO - Started periodic processing
2024-02-08 19:16:20,986 - basicLogger - INFO - No new events received
2024-02-08 19:16:20,987 - basicLogger - DEBUG - Event was processed with the updated values: 0 | 0 | 0 | 0 | 0 | 2024-02-08 19:16:05.971342
2024-02-08 19:16:20,987 - basicLogger - INFO - Ended periodic processing
2024-02-08 19:16:25,968 - basicLogger - INFO - Started periodic processing
2024-02-08 19:16:25,981 - basicLogger - INFO - Received new events - no new gun stat events received | purchase_history: 1
2024-02-08 19:16:25,981 - basicLogger - DEBUG - PurchaseHistory Event: d00cbbde-f9c9-434f-81fe-5e2a7e4c76b4
2024-02-08 19:16:25,985 - basicLogger - DEBUG - Event was processed with the updated values: 1 | 0 | 10 | 0 | 0 | 2024-02-08 19:16:24
2024-02-08 19:16:25,985 - basicLogger - INFO - Ended periodic processing
2024-02-08 19:16:30,968 - basicLogger - INFO - Started periodic processing
2024-02-08 19:16:30,987 - basicLogger - INFO - Received new events - no new gun stat events received | purchase_history: 2
2024-02-08 19:16:30,988 - basicLogger - DEBUG - PurchaseHistory Event: d00cbbde-f9c9-434f-81fe-5e2a7e4c76b4
2024-02-08 19:16:30,988 - basicLogger - DEBUG - PurchaseHistory Event: 6ea9ac8b-2525-4cf7-80c7-c67d8fd53b2a
2024-02-08 19:16:30,990 - basicLogger - DEBUG - Event was processed with the updated values: 3 | 0 | 30 | 0 | 0 | 2024-02-08 19:16:25
2024-02-08 19:16:30,990 - basicLogger - INFO - Ended periodic processing
2024-02-08 19:16:35,968 - basicLogger - INFO - Started periodic processing
2024-02-08 19:16:35,985 - basicLogger - INFO - Received new events - no new gun stat events received | purchase_history: 1
2024-02-08 19:16:35,985 - basicLogger - DEBUG - PurchaseHistory Event: 6ea9ac8b-2525-4cf7-80c7-c67d8fd53b2a
2024-02-08 19:16:35,987 - basicLogger - DEBUG - Event was processed with the updated values: 4 | 0 | 40 | 0 | 0 | 2024-02-08 19:16:25
2024-02-08 19:16:35,987 - basicLogger - INFO - Ended periodic processing
2024-02-08 19:16:40,964 - basicLogger - INFO - Started periodic processing
2024-02-08 19:16:40,981 - basicLogger - INFO - Received new events - no new gun stat events received | purchase_history: 1
2024-02-08 19:16:40,981 - basicLogger - DEBUG - PurchaseHistory Event: 6ea9ac8b-2525-4cf7-80c7-c67d8fd53b2a
2024-02-08 19:16:40,983 - basicLogger - DEBUG - Event was processed with the updated values: 4 | 0 | 40 | 0 | 0 | 2024-02-08 19:16:25
2024-02-08 19:16:40,983 - basicLogger - INFO - Ended periodic processing
2024-02-08 19:16:45,968 - basicLogger - INFO - Started periodic processing
2024-02-08 19:16:45,985 - basicLogger - INFO - Received new events - no new gun stat events received | purchase_history: 1
2024-02-08 19:16:45,985 - basicLogger - DEBUG - PurchaseHistory Event: 6ea9ac8b-2525-4cf7-80c7-c67d8fd53b2a
2024-02-08 19:16:45,988 - basicLogger - DEBUG - Event was processed with the updated values: 4 | 0 | 40 | 0 | 0 | 2024-02-08 19:16:25
2024-02-08 19:16:45,988 - basicLogger - INFO - Ended periodic processing
2024-02-08 19:16:50,967 - basicLogger - INFO - Started periodic processing
2024-02-08 19:16:50,989 - basicLogger - INFO - Received new events - no new gun stat events received | purchase_history: 1
2024-02-08 19:16:50,989 - basicLogger - DEBUG - PurchaseHistory Event: 6ea9ac8b-2525-4cf7-80c7-c67d8fd53b2a
2024-02-08 19:16:50,991 - basicLogger - DEBUG - Event was processed with the updated values: 4 | 0 | 40 | 0 | 0 | 2024-02-08 19:16:25
2024-02-08 19:16:50,991 - basicLogger - INFO - Ended periodic processing
2024-02-08 19:16:55,968 - basicLogger - INFO - Started periodic processing
2024-02-08 19:16:55,986 - basicLogger - INFO - Received new events - no new gun stat events received | purchase_history: 1
2024-02-08 19:16:55,986 - basicLogger - DEBUG - PurchaseHistory Event: 6ea9ac8b-2525-4cf7-80c7-c67d8fd53b2a
2024-02-08 19:16:55,989 - basicLogger - DEBUG - Event was processed with the updated values: 4 | 0 | 40 | 0 | 0 | 2024-02-08 19:16:25
2024-02-08 19:16:55,989 - basicLogger - INFO - Ended periodic processing
2024-02-08 19:18:44,673 - basicLogger - INFO - Started periodic processing
2024-02-08 19:18:44,713 - basicLogger - INFO - No new events received
2024-02-08 19:18:44,716 - basicLogger - DEBUG - Event was processed with the updated values: 0 | 0 | 0 | 0 | 0 | 2024-02-08 19:18:44.681525
2024-02-08 19:18:44,716 - basicLogger - INFO - Ended periodic processing
2024-02-08 19:18:49,673 - basicLogger - INFO - Started periodic processing
2024-02-08 19:18:49,705 - basicLogger - INFO - No new events received
2024-02-08 19:18:49,710 - basicLogger - DEBUG - Event was processed with the updated values: 0 | 0 | 0 | 0 | 0 | 2024-02-08 19:18:44.681525
2024-02-08 19:18:49,710 - basicLogger - INFO - Ended periodic processing
2024-02-08 19:18:54,672 - basicLogger - INFO - Started periodic processing
2024-02-08 19:18:54,692 - basicLogger - INFO - Received new events - no new gun stat events received | purchase_history: 2
2024-02-08 19:18:54,693 - basicLogger - DEBUG - PurchaseHistory Event: d8c2cd4a-cf51-45a5-8c2d-e1cc7214599d
2024-02-08 19:18:54,693 - basicLogger - DEBUG - PurchaseHistory Event: 8190393f-04fb-449b-b25f-b1005d05384f
2024-02-08 19:18:54,695 - basicLogger - DEBUG - Event was processed with the updated values: 2 | 0 | 20 | 0 | 0 | 2024-02-08 19:18:51
2024-02-08 19:18:54,696 - basicLogger - INFO - Ended periodic processing
2024-02-08 19:18:59,673 - basicLogger - INFO - Started periodic processing
2024-02-08 19:18:59,693 - basicLogger - INFO - No new events received
2024-02-08 19:18:59,695 - basicLogger - DEBUG - Event was processed with the updated values: 2 | 0 | 20 | 0 | 0 | 2024-02-08 19:18:51
2024-02-08 19:18:59,695 - basicLogger - INFO - Ended periodic processing
2024-02-08 19:19:04,672 - basicLogger - INFO - Started periodic processing
2024-02-08 19:19:04,694 - basicLogger - INFO - No new events received
2024-02-08 19:19:04,697 - basicLogger - DEBUG - Event was processed with the updated values: 2 | 0 | 20 | 0 | 0 | 2024-02-08 19:18:51
2024-02-08 19:19:04,697 - basicLogger - INFO - Ended periodic processing
2024-02-08 19:19:09,671 - basicLogger - INFO - Started periodic processing
2024-02-08 19:19:09,690 - basicLogger - INFO - No new events received
2024-02-08 19:19:09,692 - basicLogger - DEBUG - Event was processed with the updated values: 2 | 0 | 20 | 0 | 0 | 2024-02-08 19:18:51
2024-02-08 19:19:09,692 - basicLogger - INFO - Ended periodic processing
2024-02-08 19:19:14,672 - basicLogger - INFO - Started periodic processing
2024-02-08 19:19:14,694 - basicLogger - INFO - No new events received
2024-02-08 19:19:14,697 - basicLogger - DEBUG - Event was processed with the updated values: 2 | 0 | 20 | 0 | 0 | 2024-02-08 19:18:51
2024-02-08 19:19:14,697 - basicLogger - INFO - Ended periodic processing
2024-02-08 19:24:48,219 - basicLogger - INFO - Started periodic processing
2024-02-08 19:24:48,249 - basicLogger - INFO - No new events received
2024-02-08 19:24:48,252 - basicLogger - DEBUG - There were no new events received
2024-02-08 19:24:48,252 - basicLogger - INFO - Ended periodic processing
2024-02-21 22:52:19,334 - basicLogger - INFO - Started periodic processing
2024-02-21 22:52:24,334 - basicLogger - INFO - Started periodic processing
2024-02-22 22:14:08,457 - basicLogger - INFO - Started periodic processing
2024-02-22 22:14:13,455 - basicLogger - INFO - Started periodic processing
2024-02-22 22:14:18,455 - basicLogger - INFO - Started periodic processing
2024-02-22 22:14:23,456 - basicLogger - INFO - Started periodic processing
2024-02-22 22:14:28,456 - basicLogger - INFO - Started periodic processing
2024-02-22 22:14:33,455 - basicLogger - INFO - Started periodic processing
2024-02-22 22:14:38,456 - basicLogger - INFO - Started periodic processing
2024-02-22 22:14:43,455 - basicLogger - INFO - Started periodic processing
2024-02-22 22:14:54,164 - basicLogger - INFO - Started periodic processing
2024-02-22 22:15:19,264 - basicLogger - INFO - Started periodic processing
2024-02-22 22:16:26,424 - basicLogger - INFO - Started periodic processing
2024-02-22 22:16:43,374 - basicLogger - INFO - Started periodic processing
2024-02-22 22:17:06,795 - basicLogger - INFO - Started periodic processing
2024-02-22 22:17:11,792 - basicLogger - INFO - Started periodic processing
2024-02-22 22:18:37,238 - basicLogger - INFO - Started periodic processing
2024-02-22 22:19:45,089 - basicLogger - INFO - Started periodic processing
2024-02-22 22:20:04,338 - basicLogger - INFO - Started periodic processing
2024-02-22 22:20:30,998 - basicLogger - INFO - Started periodic processing
2024-02-22 22:22:10,124 - basicLogger - INFO - Started periodic processing
2024-02-22 22:22:29,040 - basicLogger - INFO - Started periodic processing
2024-02-22 22:24:14,449 - basicLogger - INFO - Started periodic processing
2024-02-22 22:24:16,968 - basicLogger - INFO - No new events received
2024-02-22 22:24:16,978 - basicLogger - DEBUG - There were no new events received. Last Updated: 2024-02-22 22:24:15.618901
2024-02-22 22:24:16,978 - basicLogger - INFO - Ended periodic processing
2024-02-22 22:24:19,448 - basicLogger - INFO - Started periodic processing
2024-02-22 22:24:19,853 - basicLogger - INFO - No new events received
2024-02-22 22:24:19,857 - basicLogger - DEBUG - There were no new events received. Last Updated: 2024-02-22 22:24:15.618901
2024-02-22 22:24:19,858 - basicLogger - INFO - Ended periodic processing
2024-02-22 22:24:24,448 - basicLogger - INFO - Started periodic processing
2024-02-22 22:24:24,848 - basicLogger - INFO - No new events received
2024-02-22 22:24:24,850 - basicLogger - DEBUG - There were no new events received. Last Updated: 2024-02-22 22:24:15.618901
2024-02-22 22:24:24,850 - basicLogger - INFO - Ended periodic processing
2024-02-22 22:24:29,448 - basicLogger - INFO - Started periodic processing
2024-02-22 22:24:29,854 - basicLogger - INFO - No new events received
2024-02-22 22:24:29,859 - basicLogger - DEBUG - There were no new events received. Last Updated: 2024-02-22 22:24:15.618901
2024-02-22 22:24:29,859 - basicLogger - INFO - Ended periodic processing
2024-02-22 22:24:34,444 - basicLogger - INFO - Started periodic processing
2024-02-22 22:24:34,860 - basicLogger - INFO - No new events received
2024-02-22 22:24:34,864 - basicLogger - DEBUG - There were no new events received. Last Updated: 2024-02-22 22:24:15.618901
2024-02-22 22:24:34,865 - basicLogger - INFO - Ended periodic processing
2024-02-22 22:24:39,448 - basicLogger - INFO - Started periodic processing
2024-02-22 22:24:39,857 - basicLogger - INFO - No new events received
2024-02-22 22:24:39,862 - basicLogger - DEBUG - There were no new events received. Last Updated: 2024-02-22 22:24:15.618901
2024-02-22 22:24:39,862 - basicLogger - INFO - Ended periodic processing
